{"/home/umbrel/.openclaw/workspace-tech-mvp/projects/mind-mapp/app/src/components/CanvasEdges.tsx": {"path":"/home/umbrel/.openclaw/workspace-tech-mvp/projects/mind-mapp/app/src/components/CanvasEdges.tsx","statementMap":{"0":{"start":{"line":14,"column":8},"end":{"line":14,"column":51}},"1":{"start":{"line":15,"column":8},"end":{"line":15,"column":33}},"2":{"start":{"line":17,"column":2},"end":{"line":55,"column":null}},"3":{"start":{"line":18,"column":19},"end":{"line":18,"column":null}},"4":{"start":{"line":19,"column":4},"end":{"line":19,"column":null}},"5":{"start":{"line":19,"column":17},"end":{"line":19,"column":null}},"6":{"start":{"line":21,"column":16},"end":{"line":21,"column":56}},"7":{"start":{"line":22,"column":4},"end":{"line":22,"column":null}},"8":{"start":{"line":22,"column":14},"end":{"line":22,"column":null}},"9":{"start":{"line":24,"column":10},"end":{"line":44,"column":null}},"10":{"start":{"line":25,"column":19},"end":{"line":25,"column":49}},"11":{"start":{"line":26,"column":18},"end":{"line":26,"column":null}},"12":{"start":{"line":29,"column":6},"end":{"line":29,"column":null}},"13":{"start":{"line":30,"column":6},"end":{"line":30,"column":null}},"14":{"start":{"line":31,"column":6},"end":{"line":31,"column":null}},"15":{"start":{"line":34,"column":6},"end":{"line":34,"column":null}},"16":{"start":{"line":37,"column":6},"end":{"line":37,"column":null}},"17":{"start":{"line":38,"column":6},"end":{"line":38,"column":null}},"18":{"start":{"line":39,"column":6},"end":{"line":39,"column":null}},"19":{"start":{"line":42,"column":6},"end":{"line":42,"column":null}},"20":{"start":{"line":44,"column":6},"end":{"line":44,"column":null}},"21":{"start":{"line":47,"column":4},"end":{"line":47,"column":null}},"22":{"start":{"line":50,"column":4},"end":{"line":52,"column":null}},"23":{"start":{"line":51,"column":6},"end":{"line":52,"column":null}},"24":{"start":{"line":52,"column":8},"end":{"line":52,"column":null}},"25":{"start":{"line":57,"column":2},"end":{"line":69,"column":null}},"26":{"start":{"line":75,"column":2},"end":{"line":75,"column":null}},"27":{"start":{"line":76,"column":2},"end":{"line":76,"column":null}},"28":{"start":{"line":77,"column":2},"end":{"line":77,"column":null}},"29":{"start":{"line":78,"column":2},"end":{"line":78,"column":null}},"30":{"start":{"line":80,"column":2},"end":{"line":107,"column":null}},"31":{"start":{"line":81,"column":4},"end":{"line":106,"column":null}},"32":{"start":{"line":82,"column":20},"end":{"line":82,"column":null}},"33":{"start":{"line":83,"column":6},"end":{"line":83,"column":null}},"34":{"start":{"line":83,"column":18},"end":{"line":83,"column":null}},"35":{"start":{"line":86,"column":17},"end":{"line":86,"column":null}},"36":{"start":{"line":87,"column":17},"end":{"line":87,"column":null}},"37":{"start":{"line":90,"column":17},"end":{"line":90,"column":null}},"38":{"start":{"line":91,"column":17},"end":{"line":91,"column":null}},"39":{"start":{"line":94,"column":19},"end":{"line":94,"column":null}},"40":{"start":{"line":95,"column":19},"end":{"line":95,"column":null}},"41":{"start":{"line":96,"column":19},"end":{"line":96,"column":null}},"42":{"start":{"line":97,"column":19},"end":{"line":97,"column":null}},"43":{"start":{"line":99,"column":6},"end":{"line":99,"column":null}},"44":{"start":{"line":100,"column":6},"end":{"line":100,"column":null}},"45":{"start":{"line":101,"column":6},"end":{"line":101,"column":null}},"46":{"start":{"line":102,"column":6},"end":{"line":102,"column":null}},"47":{"start":{"line":105,"column":6},"end":{"line":105,"column":null}},"48":{"start":{"line":118,"column":16},"end":{"line":118,"column":48}},"49":{"start":{"line":119,"column":20},"end":{"line":119,"column":null}},"50":{"start":{"line":121,"column":2},"end":{"line":121,"column":null}},"51":{"start":{"line":122,"column":2},"end":{"line":122,"column":null}},"52":{"start":{"line":123,"column":2},"end":{"line":123,"column":null}},"53":{"start":{"line":125,"column":2},"end":{"line":125,"column":null}},"54":{"start":{"line":126,"column":2},"end":{"line":126,"column":null}},"55":{"start":{"line":127,"column":2},"end":{"line":127,"column":null}},"56":{"start":{"line":128,"column":2},"end":{"line":128,"column":null}},"57":{"start":{"line":129,"column":2},"end":{"line":129,"column":null}},"58":{"start":{"line":130,"column":2},"end":{"line":130,"column":null}},"59":{"start":{"line":131,"column":2},"end":{"line":131,"column":null}},"60":{"start":{"line":133,"column":2},"end":{"line":133,"column":null}},"61":{"start":{"line":139,"column":20},"end":{"line":139,"column":45}},"62":{"start":{"line":140,"column":20},"end":{"line":140,"column":45}},"63":{"start":{"line":142,"column":2},"end":{"line":142,"column":null}},"64":{"start":{"line":142,"column":45},"end":{"line":142,"column":null}},"65":{"start":{"line":144,"column":2},"end":{"line":152,"column":null}},"66":{"start":{"line":145,"column":21},"end":{"line":145,"column":null}},"67":{"start":{"line":146,"column":4},"end":{"line":146,"column":null}},"68":{"start":{"line":146,"column":19},"end":{"line":146,"column":null}},"69":{"start":{"line":149,"column":4},"end":{"line":149,"column":null}},"70":{"start":{"line":149,"column":56},"end":{"line":149,"column":null}},"71":{"start":{"line":150,"column":4},"end":{"line":150,"column":null}},"72":{"start":{"line":150,"column":59},"end":{"line":150,"column":null}},"73":{"start":{"line":151,"column":4},"end":{"line":152,"column":null}},"74":{"start":{"line":151,"column":17},"end":{"line":151,"column":20}},"75":{"start":{"line":152,"column":6},"end":{"line":152,"column":null}},"76":{"start":{"line":152,"column":53},"end":{"line":152,"column":null}},"77":{"start":{"line":156,"column":2},"end":{"line":156,"column":null}}},"fnMap":{"0":{"name":"CanvasEdges","decl":{"start":{"line":13,"column":9},"end":{"line":13,"column":21}},"loc":{"start":{"line":13,"column":76},"end":{"line":69,"column":null}},"line":13},"1":{"name":"(anonymous_1)","decl":{"start":{"line":17,"column":2},"end":{"line":17,"column":18}},"loc":{"start":{"line":17,"column":18},"end":{"line":55,"column":6}},"line":17},"2":{"name":"(anonymous_2)","decl":{"start":{"line":24,"column":10},"end":{"line":24,"column":25}},"loc":{"start":{"line":24,"column":25},"end":{"line":44,"column":null}},"line":24},"3":{"name":"(anonymous_3)","decl":{"start":{"line":50,"column":4},"end":{"line":50,"column":17}},"loc":{"start":{"line":50,"column":17},"end":{"line":52,"column":null}},"line":50},"4":{"name":"drawEdges","decl":{"start":{"line":74,"column":9},"end":{"line":74,"column":19}},"loc":{"start":{"line":74,"column":79},"end":{"line":107,"column":null}},"line":74},"5":{"name":"(anonymous_5)","decl":{"start":{"line":80,"column":23},"end":{"line":80,"column":32}},"loc":{"start":{"line":80,"column":41},"end":{"line":107,"column":null}},"line":80},"6":{"name":"(anonymous_6)","decl":{"start":{"line":81,"column":18},"end":{"line":81,"column":27}},"loc":{"start":{"line":81,"column":39},"end":{"line":106,"column":null}},"line":81},"7":{"name":"drawArrow","decl":{"start":{"line":111,"column":9},"end":{"line":111,"column":null}},"loc":{"start":{"line":117,"column":2},"end":{"line":133,"column":null}},"line":117},"8":{"name":"(anonymous_8)","decl":{"start":{"line":137,"column":20},"end":{"line":137,"column":34}},"loc":{"start":{"line":137,"column":49},"end":{"line":157,"column":null}},"line":137}},"branchMap":{"0":{"loc":{"start":{"line":13,"column":30},"end":{"line":13,"column":76}},"type":"default-arg","locations":[{"start":{"line":13,"column":41},"end":{"line":13,"column":76}}],"line":13},"1":{"loc":{"start":{"line":19,"column":4},"end":{"line":19,"column":null}},"type":"if","locations":[{"start":{"line":19,"column":4},"end":{"line":19,"column":null}},{"start":{},"end":{}}],"line":19},"2":{"loc":{"start":{"line":22,"column":4},"end":{"line":22,"column":null}},"type":"if","locations":[{"start":{"line":22,"column":4},"end":{"line":22,"column":null}},{"start":{},"end":{}}],"line":22},"3":{"loc":{"start":{"line":26,"column":18},"end":{"line":26,"column":null}},"type":"binary-expr","locations":[{"start":{"line":26,"column":18},"end":{"line":26,"column":45}},{"start":{"line":26,"column":45},"end":{"line":26,"column":null}}],"line":26},"4":{"loc":{"start":{"line":51,"column":6},"end":{"line":52,"column":null}},"type":"if","locations":[{"start":{"line":51,"column":6},"end":{"line":52,"column":null}},{"start":{},"end":{}}],"line":51},"5":{"loc":{"start":{"line":83,"column":6},"end":{"line":83,"column":null}},"type":"if","locations":[{"start":{"line":83,"column":6},"end":{"line":83,"column":null}},{"start":{},"end":{}}],"line":83},"6":{"loc":{"start":{"line":142,"column":2},"end":{"line":142,"column":null}},"type":"if","locations":[{"start":{"line":142,"column":2},"end":{"line":142,"column":null}},{"start":{},"end":{}}],"line":142},"7":{"loc":{"start":{"line":146,"column":4},"end":{"line":146,"column":null}},"type":"if","locations":[{"start":{"line":146,"column":4},"end":{"line":146,"column":null}},{"start":{},"end":{}}],"line":146},"8":{"loc":{"start":{"line":149,"column":4},"end":{"line":149,"column":null}},"type":"if","locations":[{"start":{"line":149,"column":4},"end":{"line":149,"column":null}},{"start":{},"end":{}}],"line":149},"9":{"loc":{"start":{"line":149,"column":8},"end":{"line":149,"column":56}},"type":"binary-expr","locations":[{"start":{"line":149,"column":8},"end":{"line":149,"column":33}},{"start":{"line":149,"column":33},"end":{"line":149,"column":56}}],"line":149},"10":{"loc":{"start":{"line":150,"column":4},"end":{"line":150,"column":null}},"type":"if","locations":[{"start":{"line":150,"column":4},"end":{"line":150,"column":null}},{"start":{},"end":{}}],"line":150},"11":{"loc":{"start":{"line":152,"column":6},"end":{"line":152,"column":null}},"type":"if","locations":[{"start":{"line":152,"column":6},"end":{"line":152,"column":null}},{"start":{},"end":{}}],"line":152}},"s":{"0":0,"1":0,"2":0,"3":0,"4":0,"5":0,"6":0,"7":0,"8":0,"9":0,"10":0,"11":0,"12":0,"13":0,"14":0,"15":0,"16":0,"17":0,"18":0,"19":0,"20":0,"21":0,"22":0,"23":0,"24":0,"25":0,"26":0,"27":0,"28":0,"29":0,"30":0,"31":0,"32":0,"33":0,"34":0,"35":0,"36":0,"37":0,"38":0,"39":0,"40":0,"41":0,"42":0,"43":0,"44":0,"45":0,"46":0,"47":0,"48":0,"49":0,"50":0,"51":0,"52":0,"53":0,"54":0,"55":0,"56":0,"57":0,"58":0,"59":0,"60":0,"61":0,"62":0,"63":0,"64":0,"65":0,"66":0,"67":0,"68":0,"69":0,"70":0,"71":0,"72":0,"73":0,"74":0,"75":0,"76":0,"77":0},"f":{"0":0,"1":0,"2":0,"3":0,"4":0,"5":0,"6":0,"7":0,"8":0},"b":{"0":[0],"1":[0,0],"2":[0,0],"3":[0,0],"4":[0,0],"5":[0,0],"6":[0,0],"7":[0,0],"8":[0,0],"9":[0,0],"10":[0,0],"11":[0,0]},"meta":{"lastBranch":12,"lastFunction":9,"lastStatement":78,"seen":{"f:13:9:13:21":0,"b:13:41:13:76":0,"s:14:8:14:51":0,"s:15:8:15:33":1,"s:17:2:55:Infinity":2,"f:17:2:17:18":1,"s:18:19:18:Infinity":3,"b:19:4:19:Infinity:undefined:undefined:undefined:undefined":1,"s:19:4:19:Infinity":4,"s:19:17:19:Infinity":5,"s:21:16:21:56":6,"b:22:4:22:Infinity:undefined:undefined:undefined:undefined":2,"s:22:4:22:Infinity":7,"s:22:14:22:Infinity":8,"s:24:10:44:Infinity":9,"f:24:10:24:25":2,"s:25:19:25:49":10,"s:26:18:26:Infinity":11,"b:26:18:26:45:26:45:26:Infinity":3,"s:29:6:29:Infinity":12,"s:30:6:30:Infinity":13,"s:31:6:31:Infinity":14,"s:34:6:34:Infinity":15,"s:37:6:37:Infinity":16,"s:38:6:38:Infinity":17,"s:39:6:39:Infinity":18,"s:42:6:42:Infinity":19,"s:44:6:44:Infinity":20,"s:47:4:47:Infinity":21,"s:50:4:52:Infinity":22,"f:50:4:50:17":3,"b:51:6:52:Infinity:undefined:undefined:undefined:undefined":4,"s:51:6:52:Infinity":23,"s:52:8:52:Infinity":24,"s:57:2:69:Infinity":25,"f:74:9:74:19":4,"s:75:2:75:Infinity":26,"s:76:2:76:Infinity":27,"s:77:2:77:Infinity":28,"s:78:2:78:Infinity":29,"s:80:2:107:Infinity":30,"f:80:23:80:32":5,"s:81:4:106:Infinity":31,"f:81:18:81:27":6,"s:82:20:82:Infinity":32,"b:83:6:83:Infinity:undefined:undefined:undefined:undefined":5,"s:83:6:83:Infinity":33,"s:83:18:83:Infinity":34,"s:86:17:86:Infinity":35,"s:87:17:87:Infinity":36,"s:90:17:90:Infinity":37,"s:91:17:91:Infinity":38,"s:94:19:94:Infinity":39,"s:95:19:95:Infinity":40,"s:96:19:96:Infinity":41,"s:97:19:97:Infinity":42,"s:99:6:99:Infinity":43,"s:100:6:100:Infinity":44,"s:101:6:101:Infinity":45,"s:102:6:102:Infinity":46,"s:105:6:105:Infinity":47,"f:111:9:111:Infinity":7,"s:118:16:118:48":48,"s:119:20:119:Infinity":49,"s:121:2:121:Infinity":50,"s:122:2:122:Infinity":51,"s:123:2:123:Infinity":52,"s:125:2:125:Infinity":53,"s:126:2:126:Infinity":54,"s:127:2:127:Infinity":55,"s:128:2:128:Infinity":56,"s:129:2:129:Infinity":57,"s:130:2:130:Infinity":58,"s:131:2:131:Infinity":59,"s:133:2:133:Infinity":60,"f:137:20:137:34":8,"s:139:20:139:45":61,"s:140:20:140:45":62,"b:142:2:142:Infinity:undefined:undefined:undefined:undefined":6,"s:142:2:142:Infinity":63,"s:142:45:142:Infinity":64,"s:144:2:152:Infinity":65,"s:145:21:145:Infinity":66,"b:146:4:146:Infinity:undefined:undefined:undefined:undefined":7,"s:146:4:146:Infinity":67,"s:146:19:146:Infinity":68,"b:149:4:149:Infinity:undefined:undefined:undefined:undefined":8,"s:149:4:149:Infinity":69,"b:149:8:149:33:149:33:149:56":9,"s:149:56:149:Infinity":70,"b:150:4:150:Infinity:undefined:undefined:undefined:undefined":10,"s:150:4:150:Infinity":71,"s:150:59:150:Infinity":72,"s:151:4:152:Infinity":73,"s:151:17:151:20":74,"b:152:6:152:Infinity:undefined:undefined:undefined:undefined":11,"s:152:6:152:Infinity":75,"s:152:53:152:Infinity":76,"s:156:2:156:Infinity":77}}}
,"/home/umbrel/.openclaw/workspace-tech-mvp/projects/mind-mapp/app/src/components/CanvasRenderer.tsx": {"path":"/home/umbrel/.openclaw/workspace-tech-mvp/projects/mind-mapp/app/src/components/CanvasRenderer.tsx","statementMap":{"0":{"start":{"line":29,"column":8},"end":{"line":29,"column":51}},"1":{"start":{"line":30,"column":8},"end":{"line":30,"column":49}},"2":{"start":{"line":31,"column":8},"end":{"line":31,"column":33}},"3":{"start":{"line":32,"column":8},"end":{"line":32,"column":107}},"4":{"start":{"line":33,"column":8},"end":{"line":33,"column":124}},"5":{"start":{"line":35,"column":8},"end":{"line":35,"column":27}},"6":{"start":{"line":37,"column":2},"end":{"line":69,"column":null}},"7":{"start":{"line":38,"column":19},"end":{"line":38,"column":null}},"8":{"start":{"line":39,"column":4},"end":{"line":39,"column":null}},"9":{"start":{"line":39,"column":17},"end":{"line":39,"column":null}},"10":{"start":{"line":41,"column":16},"end":{"line":41,"column":56}},"11":{"start":{"line":42,"column":4},"end":{"line":42,"column":null}},"12":{"start":{"line":42,"column":14},"end":{"line":42,"column":null}},"13":{"start":{"line":44,"column":10},"end":{"line":61,"column":null}},"14":{"start":{"line":45,"column":19},"end":{"line":45,"column":49}},"15":{"start":{"line":46,"column":18},"end":{"line":46,"column":null}},"16":{"start":{"line":48,"column":6},"end":{"line":48,"column":null}},"17":{"start":{"line":49,"column":6},"end":{"line":49,"column":null}},"18":{"start":{"line":50,"column":6},"end":{"line":50,"column":null}},"19":{"start":{"line":52,"column":6},"end":{"line":52,"column":null}},"20":{"start":{"line":54,"column":6},"end":{"line":54,"column":null}},"21":{"start":{"line":55,"column":6},"end":{"line":55,"column":null}},"22":{"start":{"line":56,"column":6},"end":{"line":56,"column":null}},"23":{"start":{"line":58,"column":6},"end":{"line":58,"column":null}},"24":{"start":{"line":59,"column":6},"end":{"line":59,"column":null}},"25":{"start":{"line":61,"column":6},"end":{"line":61,"column":null}},"26":{"start":{"line":64,"column":4},"end":{"line":64,"column":null}},"27":{"start":{"line":66,"column":4},"end":{"line":67,"column":null}},"28":{"start":{"line":67,"column":6},"end":{"line":67,"column":null}},"29":{"start":{"line":67,"column":26},"end":{"line":67,"column":null}},"30":{"start":{"line":71,"column":8},"end":{"line":95,"column":29}},"31":{"start":{"line":72,"column":19},"end":{"line":72,"column":null}},"32":{"start":{"line":73,"column":4},"end":{"line":73,"column":null}},"33":{"start":{"line":73,"column":17},"end":{"line":73,"column":null}},"34":{"start":{"line":75,"column":17},"end":{"line":75,"column":47}},"35":{"start":{"line":76,"column":10},"end":{"line":76,"column":null}},"36":{"start":{"line":77,"column":10},"end":{"line":77,"column":null}},"37":{"start":{"line":80,"column":4},"end":{"line":84,"column":null}},"38":{"start":{"line":81,"column":6},"end":{"line":84,"column":null}},"39":{"start":{"line":83,"column":8},"end":{"line":83,"column":null}},"40":{"start":{"line":84,"column":8},"end":{"line":84,"column":null}},"41":{"start":{"line":88,"column":4},"end":{"line":92,"column":null}},"42":{"start":{"line":89,"column":6},"end":{"line":92,"column":null}},"43":{"start":{"line":91,"column":8},"end":{"line":91,"column":null}},"44":{"start":{"line":92,"column":8},"end":{"line":92,"column":null}},"45":{"start":{"line":97,"column":8},"end":{"line":112,"column":35}},"46":{"start":{"line":98,"column":19},"end":{"line":98,"column":null}},"47":{"start":{"line":99,"column":4},"end":{"line":99,"column":null}},"48":{"start":{"line":99,"column":17},"end":{"line":99,"column":null}},"49":{"start":{"line":101,"column":17},"end":{"line":101,"column":47}},"50":{"start":{"line":102,"column":10},"end":{"line":102,"column":null}},"51":{"start":{"line":103,"column":10},"end":{"line":103,"column":null}},"52":{"start":{"line":105,"column":4},"end":{"line":109,"column":null}},"53":{"start":{"line":106,"column":6},"end":{"line":109,"column":null}},"54":{"start":{"line":108,"column":8},"end":{"line":108,"column":null}},"55":{"start":{"line":109,"column":8},"end":{"line":109,"column":null}},"56":{"start":{"line":114,"column":8},"end":{"line":133,"column":40}},"57":{"start":{"line":115,"column":4},"end":{"line":115,"column":null}},"58":{"start":{"line":115,"column":33},"end":{"line":115,"column":null}},"59":{"start":{"line":117,"column":19},"end":{"line":117,"column":null}},"60":{"start":{"line":118,"column":4},"end":{"line":118,"column":null}},"61":{"start":{"line":118,"column":17},"end":{"line":118,"column":null}},"62":{"start":{"line":120,"column":17},"end":{"line":120,"column":47}},"63":{"start":{"line":121,"column":10},"end":{"line":121,"column":null}},"64":{"start":{"line":122,"column":10},"end":{"line":122,"column":null}},"65":{"start":{"line":124,"column":4},"end":{"line":130,"column":null}},"66":{"start":{"line":125,"column":6},"end":{"line":130,"column":null}},"67":{"start":{"line":127,"column":8},"end":{"line":128,"column":null}},"68":{"start":{"line":128,"column":10},"end":{"line":128,"column":null}},"69":{"start":{"line":130,"column":8},"end":{"line":130,"column":null}},"70":{"start":{"line":135,"column":2},"end":{"line":182,"column":null}},"71":{"start":{"line":169,"column":12},"end":{"line":171,"column":null}},"72":{"start":{"line":170,"column":14},"end":{"line":170,"column":null}},"73":{"start":{"line":171,"column":15},"end":{"line":171,"column":null}},"74":{"start":{"line":175,"column":18},"end":{"line":175,"column":67}},"75":{"start":{"line":176,"column":12},"end":{"line":176,"column":null}},"76":{"start":{"line":187,"column":20},"end":{"line":187,"column":null}},"77":{"start":{"line":189,"column":2},"end":{"line":189,"column":null}},"78":{"start":{"line":190,"column":2},"end":{"line":190,"column":null}},"79":{"start":{"line":191,"column":2},"end":{"line":191,"column":null}},"80":{"start":{"line":192,"column":2},"end":{"line":192,"column":null}},"81":{"start":{"line":194,"column":2},"end":{"line":219,"column":null}},"82":{"start":{"line":195,"column":4},"end":{"line":218,"column":null}},"83":{"start":{"line":196,"column":20},"end":{"line":196,"column":null}},"84":{"start":{"line":197,"column":6},"end":{"line":197,"column":null}},"85":{"start":{"line":197,"column":18},"end":{"line":197,"column":null}},"86":{"start":{"line":199,"column":24},"end":{"line":199,"column":79}},"87":{"start":{"line":201,"column":17},"end":{"line":201,"column":null}},"88":{"start":{"line":202,"column":17},"end":{"line":202,"column":null}},"89":{"start":{"line":204,"column":17},"end":{"line":204,"column":null}},"90":{"start":{"line":205,"column":17},"end":{"line":205,"column":null}},"91":{"start":{"line":207,"column":19},"end":{"line":207,"column":null}},"92":{"start":{"line":208,"column":19},"end":{"line":208,"column":null}},"93":{"start":{"line":209,"column":19},"end":{"line":209,"column":null}},"94":{"start":{"line":210,"column":19},"end":{"line":210,"column":null}},"95":{"start":{"line":212,"column":6},"end":{"line":212,"column":null}},"96":{"start":{"line":213,"column":6},"end":{"line":213,"column":null}},"97":{"start":{"line":214,"column":6},"end":{"line":214,"column":null}},"98":{"start":{"line":215,"column":6},"end":{"line":215,"column":null}},"99":{"start":{"line":217,"column":6},"end":{"line":217,"column":null}},"100":{"start":{"line":230,"column":16},"end":{"line":230,"column":48}},"101":{"start":{"line":231,"column":20},"end":{"line":231,"column":null}},"102":{"start":{"line":233,"column":2},"end":{"line":233,"column":null}},"103":{"start":{"line":234,"column":2},"end":{"line":234,"column":null}},"104":{"start":{"line":235,"column":2},"end":{"line":235,"column":null}},"105":{"start":{"line":237,"column":2},"end":{"line":237,"column":null}},"106":{"start":{"line":238,"column":2},"end":{"line":238,"column":null}},"107":{"start":{"line":239,"column":2},"end":{"line":239,"column":null}},"108":{"start":{"line":240,"column":2},"end":{"line":240,"column":null}},"109":{"start":{"line":241,"column":2},"end":{"line":241,"column":null}},"110":{"start":{"line":242,"column":2},"end":{"line":242,"column":null}},"111":{"start":{"line":243,"column":2},"end":{"line":243,"column":null}},"112":{"start":{"line":245,"column":2},"end":{"line":245,"column":null}},"113":{"start":{"line":249,"column":2},"end":{"line":249,"column":null}},"114":{"start":{"line":253,"column":2},"end":{"line":253,"column":null}},"115":{"start":{"line":253,"column":69},"end":{"line":253,"column":82}},"116":{"start":{"line":265,"column":21},"end":{"line":265,"column":null}},"117":{"start":{"line":267,"column":2},"end":{"line":267,"column":null}},"118":{"start":{"line":269,"column":2},"end":{"line":390,"column":null}},"119":{"start":{"line":270,"column":4},"end":{"line":270,"column":null}},"120":{"start":{"line":270,"column":31},"end":{"line":270,"column":null}},"121":{"start":{"line":272,"column":22},"end":{"line":272,"column":null}},"122":{"start":{"line":273,"column":23},"end":{"line":273,"column":52}},"123":{"start":{"line":275,"column":10},"end":{"line":275,"column":52}},"124":{"start":{"line":276,"column":21},"end":{"line":276,"column":null}},"125":{"start":{"line":277,"column":23},"end":{"line":277,"column":null}},"126":{"start":{"line":278,"column":22},"end":{"line":284,"column":null}},"127":{"start":{"line":285,"column":4},"end":{"line":285,"column":null}},"128":{"start":{"line":287,"column":21},"end":{"line":287,"column":null}},"129":{"start":{"line":288,"column":22},"end":{"line":288,"column":53}},"130":{"start":{"line":289,"column":18},"end":{"line":289,"column":37}},"131":{"start":{"line":290,"column":4},"end":{"line":290,"column":null}},"132":{"start":{"line":290,"column":28},"end":{"line":290,"column":null}},"133":{"start":{"line":292,"column":22},"end":{"line":292,"column":117}},"134":{"start":{"line":292,"column":49},"end":{"line":292,"column":115}},"135":{"start":{"line":293,"column":20},"end":{"line":293,"column":null}},"136":{"start":{"line":295,"column":23},"end":{"line":295,"column":null}},"137":{"start":{"line":296,"column":18},"end":{"line":296,"column":83}},"138":{"start":{"line":298,"column":24},"end":{"line":298,"column":null}},"139":{"start":{"line":299,"column":19},"end":{"line":299,"column":76}},"140":{"start":{"line":301,"column":4},"end":{"line":301,"column":null}},"141":{"start":{"line":304,"column":4},"end":{"line":317,"column":null}},"142":{"start":{"line":305,"column":23},"end":{"line":305,"column":null}},"143":{"start":{"line":306,"column":24},"end":{"line":306,"column":null}},"144":{"start":{"line":307,"column":24},"end":{"line":307,"column":null}},"145":{"start":{"line":308,"column":24},"end":{"line":308,"column":null}},"146":{"start":{"line":309,"column":6},"end":{"line":315,"column":null}},"147":{"start":{"line":317,"column":6},"end":{"line":317,"column":null}},"148":{"start":{"line":320,"column":24},"end":{"line":320,"column":null}},"149":{"start":{"line":321,"column":24},"end":{"line":321,"column":null}},"150":{"start":{"line":324,"column":4},"end":{"line":324,"column":null}},"151":{"start":{"line":325,"column":4},"end":{"line":325,"column":null}},"152":{"start":{"line":328,"column":4},"end":{"line":328,"column":null}},"153":{"start":{"line":329,"column":4},"end":{"line":329,"column":null}},"154":{"start":{"line":330,"column":4},"end":{"line":330,"column":null}},"155":{"start":{"line":333,"column":4},"end":{"line":343,"column":null}},"156":{"start":{"line":334,"column":18},"end":{"line":334,"column":29}},"157":{"start":{"line":335,"column":6},"end":{"line":335,"column":null}},"158":{"start":{"line":336,"column":22},"end":{"line":336,"column":52}},"159":{"start":{"line":337,"column":22},"end":{"line":337,"column":null}},"160":{"start":{"line":339,"column":19},"end":{"line":339,"column":null}},"161":{"start":{"line":340,"column":19},"end":{"line":340,"column":null}},"162":{"start":{"line":341,"column":6},"end":{"line":343,"column":null}},"163":{"start":{"line":342,"column":8},"end":{"line":342,"column":null}},"164":{"start":{"line":349,"column":4},"end":{"line":349,"column":null}},"165":{"start":{"line":350,"column":4},"end":{"line":350,"column":null}},"166":{"start":{"line":351,"column":4},"end":{"line":351,"column":null}},"167":{"start":{"line":352,"column":4},"end":{"line":352,"column":null}},"168":{"start":{"line":355,"column":4},"end":{"line":355,"column":null}},"169":{"start":{"line":356,"column":18},"end":{"line":356,"column":null}},"170":{"start":{"line":358,"column":18},"end":{"line":358,"column":null}},"171":{"start":{"line":359,"column":4},"end":{"line":361,"column":null}},"172":{"start":{"line":360,"column":6},"end":{"line":360,"column":null}},"173":{"start":{"line":364,"column":4},"end":{"line":388,"column":null}},"174":{"start":{"line":365,"column":23},"end":{"line":365,"column":null}},"175":{"start":{"line":366,"column":24},"end":{"line":366,"column":null}},"176":{"start":{"line":367,"column":20},"end":{"line":367,"column":null}},"177":{"start":{"line":368,"column":20},"end":{"line":368,"column":null}},"178":{"start":{"line":369,"column":22},"end":{"line":369,"column":null}},"179":{"start":{"line":371,"column":6},"end":{"line":371,"column":null}},"180":{"start":{"line":372,"column":6},"end":{"line":372,"column":null}},"181":{"start":{"line":373,"column":16},"end":{"line":373,"column":40}},"182":{"start":{"line":374,"column":6},"end":{"line":374,"column":null}},"183":{"start":{"line":375,"column":6},"end":{"line":375,"column":null}},"184":{"start":{"line":376,"column":6},"end":{"line":376,"column":null}},"185":{"start":{"line":377,"column":6},"end":{"line":377,"column":null}},"186":{"start":{"line":378,"column":6},"end":{"line":378,"column":null}},"187":{"start":{"line":379,"column":6},"end":{"line":379,"column":null}},"188":{"start":{"line":380,"column":6},"end":{"line":380,"column":null}},"189":{"start":{"line":381,"column":6},"end":{"line":381,"column":null}},"190":{"start":{"line":382,"column":6},"end":{"line":382,"column":null}},"191":{"start":{"line":383,"column":6},"end":{"line":383,"column":null}},"192":{"start":{"line":384,"column":6},"end":{"line":384,"column":null}},"193":{"start":{"line":385,"column":6},"end":{"line":385,"column":null}},"194":{"start":{"line":386,"column":6},"end":{"line":386,"column":null}},"195":{"start":{"line":387,"column":6},"end":{"line":387,"column":null}},"196":{"start":{"line":388,"column":6},"end":{"line":388,"column":null}},"197":{"start":{"line":402,"column":2},"end":{"line":402,"column":null}},"198":{"start":{"line":403,"column":2},"end":{"line":425,"column":null}},"199":{"start":{"line":404,"column":4},"end":{"line":404,"column":null}},"200":{"start":{"line":405,"column":13},"end":{"line":425,"column":null}},"201":{"start":{"line":406,"column":4},"end":{"line":406,"column":null}},"202":{"start":{"line":407,"column":4},"end":{"line":407,"column":null}},"203":{"start":{"line":408,"column":4},"end":{"line":408,"column":null}},"204":{"start":{"line":409,"column":4},"end":{"line":409,"column":null}},"205":{"start":{"line":410,"column":4},"end":{"line":410,"column":null}},"206":{"start":{"line":411,"column":13},"end":{"line":425,"column":null}},"207":{"start":{"line":412,"column":14},"end":{"line":412,"column":48}},"208":{"start":{"line":413,"column":4},"end":{"line":413,"column":null}},"209":{"start":{"line":414,"column":4},"end":{"line":414,"column":null}},"210":{"start":{"line":415,"column":4},"end":{"line":415,"column":null}},"211":{"start":{"line":416,"column":4},"end":{"line":416,"column":null}},"212":{"start":{"line":417,"column":4},"end":{"line":417,"column":null}},"213":{"start":{"line":418,"column":4},"end":{"line":418,"column":null}},"214":{"start":{"line":419,"column":4},"end":{"line":419,"column":null}},"215":{"start":{"line":420,"column":4},"end":{"line":420,"column":null}},"216":{"start":{"line":421,"column":4},"end":{"line":421,"column":null}},"217":{"start":{"line":422,"column":4},"end":{"line":422,"column":null}},"218":{"start":{"line":425,"column":4},"end":{"line":425,"column":null}},"219":{"start":{"line":429,"column":23},"end":{"line":429,"column":48}},"220":{"start":{"line":431,"column":14},"end":{"line":431,"column":null}},"221":{"start":{"line":432,"column":17},"end":{"line":432,"column":40}},"222":{"start":{"line":433,"column":2},"end":{"line":433,"column":null}},"223":{"start":{"line":433,"column":28},"end":{"line":433,"column":null}},"224":{"start":{"line":435,"column":16},"end":{"line":435,"column":null}},"225":{"start":{"line":436,"column":2},"end":{"line":436,"column":null}},"226":{"start":{"line":437,"column":2},"end":{"line":437,"column":null}}},"fnMap":{"0":{"name":"CanvasRenderer","decl":{"start":{"line":18,"column":9},"end":{"line":18,"column":24}},"loc":{"start":{"line":28,"column":10},"end":{"line":182,"column":null}},"line":28},"1":{"name":"(anonymous_1)","decl":{"start":{"line":37,"column":2},"end":{"line":37,"column":18}},"loc":{"start":{"line":37,"column":18},"end":{"line":69,"column":6}},"line":37},"2":{"name":"(anonymous_2)","decl":{"start":{"line":44,"column":10},"end":{"line":44,"column":25}},"loc":{"start":{"line":44,"column":25},"end":{"line":61,"column":null}},"line":44},"3":{"name":"(anonymous_3)","decl":{"start":{"line":66,"column":4},"end":{"line":66,"column":17}},"loc":{"start":{"line":66,"column":17},"end":{"line":67,"column":null}},"line":66},"4":{"name":"(anonymous_4)","decl":{"start":{"line":71,"column":28},"end":{"line":71,"column":41}},"loc":{"start":{"line":71,"column":84},"end":{"line":95,"column":6}},"line":71},"5":{"name":"(anonymous_5)","decl":{"start":{"line":97,"column":34},"end":{"line":97,"column":47}},"loc":{"start":{"line":97,"column":90},"end":{"line":112,"column":6}},"line":97},"6":{"name":"(anonymous_6)","decl":{"start":{"line":114,"column":32},"end":{"line":114,"column":45}},"loc":{"start":{"line":114,"column":88},"end":{"line":133,"column":6}},"line":114},"7":{"name":"(anonymous_7)","decl":{"start":{"line":168,"column":10},"end":{"line":168,"column":22}},"loc":{"start":{"line":168,"column":28},"end":{"line":171,"column":null}},"line":168},"8":{"name":"(anonymous_8)","decl":{"start":{"line":174,"column":10},"end":{"line":174,"column":19}},"loc":{"start":{"line":174,"column":25},"end":{"line":176,"column":null}},"line":174},"9":{"name":"drawEdges","decl":{"start":{"line":186,"column":9},"end":{"line":186,"column":19}},"loc":{"start":{"line":186,"column":79},"end":{"line":219,"column":null}},"line":186},"10":{"name":"(anonymous_10)","decl":{"start":{"line":194,"column":23},"end":{"line":194,"column":32}},"loc":{"start":{"line":194,"column":41},"end":{"line":219,"column":null}},"line":194},"11":{"name":"(anonymous_11)","decl":{"start":{"line":195,"column":18},"end":{"line":195,"column":27}},"loc":{"start":{"line":195,"column":39},"end":{"line":218,"column":null}},"line":195},"12":{"name":"drawArrow","decl":{"start":{"line":222,"column":9},"end":{"line":222,"column":null}},"loc":{"start":{"line":229,"column":2},"end":{"line":245,"column":null}},"line":229},"13":{"name":"stripHtml","decl":{"start":{"line":248,"column":9},"end":{"line":248,"column":19}},"loc":{"start":{"line":248,"column":41},"end":{"line":249,"column":null}},"line":248},"14":{"name":"getLines","decl":{"start":{"line":252,"column":9},"end":{"line":252,"column":18}},"loc":{"start":{"line":252,"column":42},"end":{"line":253,"column":null}},"line":252},"15":{"name":"(anonymous_15)","decl":{"start":{"line":253,"column":57},"end":{"line":253,"column":64}},"loc":{"start":{"line":253,"column":69},"end":{"line":253,"column":82}},"line":253},"16":{"name":"drawNodes","decl":{"start":{"line":256,"column":9},"end":{"line":256,"column":null}},"loc":{"start":{"line":264,"column":2},"end":{"line":390,"column":null}},"line":264},"17":{"name":"(anonymous_17)","decl":{"start":{"line":269,"column":23},"end":{"line":269,"column":32}},"loc":{"start":{"line":269,"column":41},"end":{"line":390,"column":null}},"line":269},"18":{"name":"(anonymous_18)","decl":{"start":{"line":292,"column":40},"end":{"line":292,"column":44}},"loc":{"start":{"line":292,"column":49},"end":{"line":292,"column":115}},"line":292},"19":{"name":"(anonymous_19)","decl":{"start":{"line":359,"column":10},"end":{"line":359,"column":19}},"loc":{"start":{"line":359,"column":31},"end":{"line":361,"column":null}},"line":359},"20":{"name":"drawShape","decl":{"start":{"line":394,"column":9},"end":{"line":394,"column":null}},"loc":{"start":{"line":401,"column":2},"end":{"line":425,"column":null}},"line":401},"21":{"name":"measureTextWidth","decl":{"start":{"line":430,"column":9},"end":{"line":430,"column":26}},"loc":{"start":{"line":430,"column":127},"end":{"line":437,"column":null}},"line":430}},"branchMap":{"0":{"loc":{"start":{"line":23,"column":2},"end":{"line":23,"column":null}},"type":"default-arg","locations":[{"start":{"line":23,"column":13},"end":{"line":23,"column":null}}],"line":23},"1":{"loc":{"start":{"line":39,"column":4},"end":{"line":39,"column":null}},"type":"if","locations":[{"start":{"line":39,"column":4},"end":{"line":39,"column":null}},{"start":{},"end":{}}],"line":39},"2":{"loc":{"start":{"line":42,"column":4},"end":{"line":42,"column":null}},"type":"if","locations":[{"start":{"line":42,"column":4},"end":{"line":42,"column":null}},{"start":{},"end":{}}],"line":42},"3":{"loc":{"start":{"line":46,"column":18},"end":{"line":46,"column":null}},"type":"binary-expr","locations":[{"start":{"line":46,"column":18},"end":{"line":46,"column":45}},{"start":{"line":46,"column":45},"end":{"line":46,"column":null}}],"line":46},"4":{"loc":{"start":{"line":67,"column":6},"end":{"line":67,"column":null}},"type":"if","locations":[{"start":{"line":67,"column":6},"end":{"line":67,"column":null}},{"start":{},"end":{}}],"line":67},"5":{"loc":{"start":{"line":73,"column":4},"end":{"line":73,"column":null}},"type":"if","locations":[{"start":{"line":73,"column":4},"end":{"line":73,"column":null}},{"start":{},"end":{}}],"line":73},"6":{"loc":{"start":{"line":81,"column":6},"end":{"line":84,"column":null}},"type":"if","locations":[{"start":{"line":81,"column":6},"end":{"line":84,"column":null}},{"start":{},"end":{}}],"line":81},"7":{"loc":{"start":{"line":81,"column":10},"end":{"line":82,"column":70}},"type":"binary-expr","locations":[{"start":{"line":81,"column":10},"end":{"line":81,"column":31}},{"start":{"line":81,"column":31},"end":{"line":81,"column":null}},{"start":{"line":82,"column":10},"end":{"line":82,"column":31}},{"start":{"line":82,"column":31},"end":{"line":82,"column":70}}],"line":81},"8":{"loc":{"start":{"line":89,"column":6},"end":{"line":92,"column":null}},"type":"if","locations":[{"start":{"line":89,"column":6},"end":{"line":92,"column":null}},{"start":{},"end":{}}],"line":89},"9":{"loc":{"start":{"line":89,"column":10},"end":{"line":90,"column":58}},"type":"binary-expr","locations":[{"start":{"line":89,"column":10},"end":{"line":89,"column":27}},{"start":{"line":89,"column":27},"end":{"line":89,"column":null}},{"start":{"line":90,"column":10},"end":{"line":90,"column":27}},{"start":{"line":90,"column":27},"end":{"line":90,"column":58}}],"line":89},"10":{"loc":{"start":{"line":99,"column":4},"end":{"line":99,"column":null}},"type":"if","locations":[{"start":{"line":99,"column":4},"end":{"line":99,"column":null}},{"start":{},"end":{}}],"line":99},"11":{"loc":{"start":{"line":106,"column":6},"end":{"line":109,"column":null}},"type":"if","locations":[{"start":{"line":106,"column":6},"end":{"line":109,"column":null}},{"start":{},"end":{}}],"line":106},"12":{"loc":{"start":{"line":106,"column":10},"end":{"line":107,"column":58}},"type":"binary-expr","locations":[{"start":{"line":106,"column":10},"end":{"line":106,"column":27}},{"start":{"line":106,"column":27},"end":{"line":106,"column":null}},{"start":{"line":107,"column":10},"end":{"line":107,"column":27}},{"start":{"line":107,"column":27},"end":{"line":107,"column":58}}],"line":106},"13":{"loc":{"start":{"line":115,"column":4},"end":{"line":115,"column":null}},"type":"if","locations":[{"start":{"line":115,"column":4},"end":{"line":115,"column":null}},{"start":{},"end":{}}],"line":115},"14":{"loc":{"start":{"line":115,"column":8},"end":{"line":115,"column":33}},"type":"binary-expr","locations":[{"start":{"line":115,"column":8},"end":{"line":115,"column":22}},{"start":{"line":115,"column":22},"end":{"line":115,"column":33}}],"line":115},"15":{"loc":{"start":{"line":118,"column":4},"end":{"line":118,"column":null}},"type":"if","locations":[{"start":{"line":118,"column":4},"end":{"line":118,"column":null}},{"start":{},"end":{}}],"line":118},"16":{"loc":{"start":{"line":125,"column":6},"end":{"line":130,"column":null}},"type":"if","locations":[{"start":{"line":125,"column":6},"end":{"line":130,"column":null}},{"start":{},"end":{}}],"line":125},"17":{"loc":{"start":{"line":125,"column":10},"end":{"line":126,"column":58}},"type":"binary-expr","locations":[{"start":{"line":125,"column":10},"end":{"line":125,"column":27}},{"start":{"line":125,"column":27},"end":{"line":125,"column":null}},{"start":{"line":126,"column":10},"end":{"line":126,"column":27}},{"start":{"line":126,"column":27},"end":{"line":126,"column":58}}],"line":125},"18":{"loc":{"start":{"line":127,"column":8},"end":{"line":128,"column":null}},"type":"if","locations":[{"start":{"line":127,"column":8},"end":{"line":128,"column":null}},{"start":{},"end":{}}],"line":127},"19":{"loc":{"start":{"line":127,"column":12},"end":{"line":127,"column":38}},"type":"binary-expr","locations":[{"start":{"line":127,"column":12},"end":{"line":127,"column":26}},{"start":{"line":127,"column":26},"end":{"line":127,"column":38}}],"line":127},"20":{"loc":{"start":{"line":152,"column":7},"end":{"line":182,"column":null}},"type":"binary-expr","locations":[{"start":{"line":152,"column":7},"end":{"line":152,"column":20}},{"start":{"line":152,"column":20},"end":{"line":152,"column":null}},{"start":{"line":153,"column":8},"end":{"line":182,"column":null}}],"line":152},"21":{"loc":{"start":{"line":169,"column":12},"end":{"line":171,"column":null}},"type":"if","locations":[{"start":{"line":169,"column":12},"end":{"line":171,"column":null}},{"start":{},"end":{}}],"line":169},"22":{"loc":{"start":{"line":175,"column":26},"end":{"line":175,"column":61}},"type":"binary-expr","locations":[{"start":{"line":175,"column":26},"end":{"line":175,"column":57}},{"start":{"line":175,"column":57},"end":{"line":175,"column":61}}],"line":175},"23":{"loc":{"start":{"line":176,"column":58},"end":{"line":176,"column":72}},"type":"binary-expr","locations":[{"start":{"line":176,"column":58},"end":{"line":176,"column":66}},{"start":{"line":176,"column":66},"end":{"line":176,"column":72}}],"line":176},"24":{"loc":{"start":{"line":187,"column":20},"end":{"line":187,"column":null}},"type":"binary-expr","locations":[{"start":{"line":187,"column":20},"end":{"line":187,"column":104}},{"start":{"line":187,"column":108},"end":{"line":187,"column":null}}],"line":187},"25":{"loc":{"start":{"line":197,"column":6},"end":{"line":197,"column":null}},"type":"if","locations":[{"start":{"line":197,"column":6},"end":{"line":197,"column":null}},{"start":{},"end":{}}],"line":197},"26":{"loc":{"start":{"line":265,"column":21},"end":{"line":265,"column":null}},"type":"binary-expr","locations":[{"start":{"line":265,"column":21},"end":{"line":265,"column":105}},{"start":{"line":265,"column":109},"end":{"line":265,"column":null}}],"line":265},"27":{"loc":{"start":{"line":270,"column":4},"end":{"line":270,"column":null}},"type":"if","locations":[{"start":{"line":270,"column":4},"end":{"line":270,"column":null}},{"start":{},"end":{}}],"line":270},"28":{"loc":{"start":{"line":278,"column":22},"end":{"line":284,"column":null}},"type":"cond-expr","locations":[{"start":{"line":279,"column":8},"end":{"line":279,"column":null}},{"start":{"line":280,"column":8},"end":{"line":284,"column":null}}],"line":278},"29":{"loc":{"start":{"line":278,"column":22},"end":{"line":278,"column":null}},"type":"binary-expr","locations":[{"start":{"line":278,"column":22},"end":{"line":278,"column":39}},{"start":{"line":278,"column":39},"end":{"line":278,"column":null}}],"line":278},"30":{"loc":{"start":{"line":280,"column":8},"end":{"line":284,"column":null}},"type":"cond-expr","locations":[{"start":{"line":281,"column":8},"end":{"line":281,"column":null}},{"start":{"line":282,"column":8},"end":{"line":284,"column":null}}],"line":280},"31":{"loc":{"start":{"line":282,"column":8},"end":{"line":284,"column":null}},"type":"cond-expr","locations":[{"start":{"line":283,"column":8},"end":{"line":283,"column":null}},{"start":{"line":284,"column":8},"end":{"line":284,"column":null}}],"line":282},"32":{"loc":{"start":{"line":287,"column":21},"end":{"line":287,"column":null}},"type":"cond-expr","locations":[{"start":{"line":287,"column":37},"end":{"line":287,"column":59}},{"start":{"line":287,"column":59},"end":{"line":287,"column":null}}],"line":287},"33":{"loc":{"start":{"line":290,"column":4},"end":{"line":290,"column":null}},"type":"if","locations":[{"start":{"line":290,"column":4},"end":{"line":290,"column":null}},{"start":{},"end":{}}],"line":290},"34":{"loc":{"start":{"line":295,"column":23},"end":{"line":295,"column":null}},"type":"cond-expr","locations":[{"start":{"line":295,"column":46},"end":{"line":295,"column":64}},{"start":{"line":295,"column":67},"end":{"line":295,"column":null}}],"line":295},"35":{"loc":{"start":{"line":298,"column":24},"end":{"line":298,"column":null}},"type":"cond-expr","locations":[{"start":{"line":298,"column":47},"end":{"line":298,"column":53}},{"start":{"line":298,"column":53},"end":{"line":298,"column":null}}],"line":298},"36":{"loc":{"start":{"line":304,"column":4},"end":{"line":317,"column":null}},"type":"if","locations":[{"start":{"line":304,"column":4},"end":{"line":317,"column":null}},{"start":{"line":316,"column":11},"end":{"line":317,"column":null}}],"line":304},"37":{"loc":{"start":{"line":320,"column":24},"end":{"line":320,"column":null}},"type":"cond-expr","locations":[{"start":{"line":320,"column":50},"end":{"line":320,"column":63}},{"start":{"line":320,"column":63},"end":{"line":320,"column":null}}],"line":320},"38":{"loc":{"start":{"line":320,"column":24},"end":{"line":320,"column":50}},"type":"binary-expr","locations":[{"start":{"line":320,"column":24},"end":{"line":320,"column":37}},{"start":{"line":320,"column":37},"end":{"line":320,"column":50}}],"line":320},"39":{"loc":{"start":{"line":321,"column":24},"end":{"line":321,"column":null}},"type":"cond-expr","locations":[{"start":{"line":321,"column":50},"end":{"line":321,"column":54}},{"start":{"line":321,"column":54},"end":{"line":321,"column":null}}],"line":321},"40":{"loc":{"start":{"line":321,"column":24},"end":{"line":321,"column":50}},"type":"binary-expr","locations":[{"start":{"line":321,"column":24},"end":{"line":321,"column":37}},{"start":{"line":321,"column":37},"end":{"line":321,"column":50}}],"line":321},"41":{"loc":{"start":{"line":333,"column":4},"end":{"line":343,"column":null}},"type":"if","locations":[{"start":{"line":333,"column":4},"end":{"line":343,"column":null}},{"start":{},"end":{}}],"line":333},"42":{"loc":{"start":{"line":364,"column":4},"end":{"line":388,"column":null}},"type":"if","locations":[{"start":{"line":364,"column":4},"end":{"line":388,"column":null}},{"start":{},"end":{}}],"line":364},"43":{"loc":{"start":{"line":403,"column":2},"end":{"line":425,"column":null}},"type":"if","locations":[{"start":{"line":403,"column":2},"end":{"line":425,"column":null}},{"start":{"line":405,"column":13},"end":{"line":425,"column":null}}],"line":403},"44":{"loc":{"start":{"line":405,"column":13},"end":{"line":425,"column":null}},"type":"if","locations":[{"start":{"line":405,"column":13},"end":{"line":425,"column":null}},{"start":{"line":411,"column":13},"end":{"line":425,"column":null}}],"line":405},"45":{"loc":{"start":{"line":411,"column":13},"end":{"line":425,"column":null}},"type":"if","locations":[{"start":{"line":411,"column":13},"end":{"line":425,"column":null}},{"start":{"line":423,"column":9},"end":{"line":425,"column":null}}],"line":411},"46":{"loc":{"start":{"line":430,"column":89},"end":{"line":430,"column":103}},"type":"default-arg","locations":[{"start":{"line":430,"column":96},"end":{"line":430,"column":103}}],"line":430},"47":{"loc":{"start":{"line":430,"column":103},"end":{"line":430,"column":127}},"type":"default-arg","locations":[{"start":{"line":430,"column":112},"end":{"line":430,"column":127}}],"line":430},"48":{"loc":{"start":{"line":431,"column":17},"end":{"line":431,"column":35}},"type":"cond-expr","locations":[{"start":{"line":431,"column":24},"end":{"line":431,"column":30}},{"start":{"line":431,"column":30},"end":{"line":431,"column":35}}],"line":431},"49":{"loc":{"start":{"line":431,"column":35},"end":{"line":431,"column":55}},"type":"cond-expr","locations":[{"start":{"line":431,"column":44},"end":{"line":431,"column":50}},{"start":{"line":431,"column":50},"end":{"line":431,"column":55}}],"line":431},"50":{"loc":{"start":{"line":433,"column":2},"end":{"line":433,"column":null}},"type":"if","locations":[{"start":{"line":433,"column":2},"end":{"line":433,"column":null}},{"start":{},"end":{}}],"line":433}},"s":{"0":0,"1":0,"2":0,"3":0,"4":0,"5":0,"6":0,"7":0,"8":0,"9":0,"10":0,"11":0,"12":0,"13":0,"14":0,"15":0,"16":0,"17":0,"18":0,"19":0,"20":0,"21":0,"22":0,"23":0,"24":0,"25":0,"26":0,"27":0,"28":0,"29":0,"30":0,"31":0,"32":0,"33":0,"34":0,"35":0,"36":0,"37":0,"38":0,"39":0,"40":0,"41":0,"42":0,"43":0,"44":0,"45":0,"46":0,"47":0,"48":0,"49":0,"50":0,"51":0,"52":0,"53":0,"54":0,"55":0,"56":0,"57":0,"58":0,"59":0,"60":0,"61":0,"62":0,"63":0,"64":0,"65":0,"66":0,"67":0,"68":0,"69":0,"70":0,"71":0,"72":0,"73":0,"74":0,"75":0,"76":0,"77":0,"78":0,"79":0,"80":0,"81":0,"82":0,"83":0,"84":0,"85":0,"86":0,"87":0,"88":0,"89":0,"90":0,"91":0,"92":0,"93":0,"94":0,"95":0,"96":0,"97":0,"98":0,"99":0,"100":0,"101":0,"102":0,"103":0,"104":0,"105":0,"106":0,"107":0,"108":0,"109":0,"110":0,"111":0,"112":0,"113":0,"114":0,"115":0,"116":0,"117":0,"118":0,"119":0,"120":0,"121":0,"122":0,"123":0,"124":0,"125":0,"126":0,"127":0,"128":0,"129":0,"130":0,"131":0,"132":0,"133":0,"134":0,"135":0,"136":0,"137":0,"138":0,"139":0,"140":0,"141":0,"142":0,"143":0,"144":0,"145":0,"146":0,"147":0,"148":0,"149":0,"150":0,"151":0,"152":0,"153":0,"154":0,"155":0,"156":0,"157":0,"158":0,"159":0,"160":0,"161":0,"162":0,"163":0,"164":0,"165":0,"166":0,"167":0,"168":0,"169":0,"170":0,"171":0,"172":0,"173":0,"174":0,"175":0,"176":0,"177":0,"178":0,"179":0,"180":0,"181":0,"182":0,"183":0,"184":0,"185":0,"186":0,"187":0,"188":0,"189":0,"190":0,"191":0,"192":0,"193":0,"194":0,"195":0,"196":0,"197":0,"198":0,"199":0,"200":0,"201":0,"202":0,"203":0,"204":0,"205":0,"206":0,"207":0,"208":0,"209":0,"210":0,"211":0,"212":0,"213":0,"214":0,"215":0,"216":0,"217":0,"218":0,"219":1,"220":0,"221":0,"222":0,"223":0,"224":0,"225":0,"226":0},"f":{"0":0,"1":0,"2":0,"3":0,"4":0,"5":0,"6":0,"7":0,"8":0,"9":0,"10":0,"11":0,"12":0,"13":0,"14":0,"15":0,"16":0,"17":0,"18":0,"19":0,"20":0,"21":0},"b":{"0":[0],"1":[0,0],"2":[0,0],"3":[0,0],"4":[0,0],"5":[0,0],"6":[0,0],"7":[0,0,0,0],"8":[0,0],"9":[0,0,0,0],"10":[0,0],"11":[0,0],"12":[0,0,0,0],"13":[0,0],"14":[0,0],"15":[0,0],"16":[0,0],"17":[0,0,0,0],"18":[0,0],"19":[0,0],"20":[0,0,0],"21":[0,0],"22":[0,0],"23":[0,0],"24":[0,0],"25":[0,0],"26":[0,0],"27":[0,0],"28":[0,0],"29":[0,0],"30":[0,0],"31":[0,0],"32":[0,0],"33":[0,0],"34":[0,0],"35":[0,0],"36":[0,0],"37":[0,0],"38":[0,0],"39":[0,0],"40":[0,0],"41":[0,0],"42":[0,0],"43":[0,0],"44":[0,0],"45":[0,0],"46":[0],"47":[0],"48":[0,0],"49":[0,0],"50":[0,0]},"meta":{"lastBranch":51,"lastFunction":22,"lastStatement":227,"seen":{"f:18:9:18:24":0,"b:23:13:23:Infinity":0,"s:29:8:29:51":0,"s:30:8:30:49":1,"s:31:8:31:33":2,"s:32:8:32:107":3,"s:33:8:33:124":4,"s:35:8:35:27":5,"s:37:2:69:Infinity":6,"f:37:2:37:18":1,"s:38:19:38:Infinity":7,"b:39:4:39:Infinity:undefined:undefined:undefined:undefined":1,"s:39:4:39:Infinity":8,"s:39:17:39:Infinity":9,"s:41:16:41:56":10,"b:42:4:42:Infinity:undefined:undefined:undefined:undefined":2,"s:42:4:42:Infinity":11,"s:42:14:42:Infinity":12,"s:44:10:61:Infinity":13,"f:44:10:44:25":2,"s:45:19:45:49":14,"s:46:18:46:Infinity":15,"b:46:18:46:45:46:45:46:Infinity":3,"s:48:6:48:Infinity":16,"s:49:6:49:Infinity":17,"s:50:6:50:Infinity":18,"s:52:6:52:Infinity":19,"s:54:6:54:Infinity":20,"s:55:6:55:Infinity":21,"s:56:6:56:Infinity":22,"s:58:6:58:Infinity":23,"s:59:6:59:Infinity":24,"s:61:6:61:Infinity":25,"s:64:4:64:Infinity":26,"s:66:4:67:Infinity":27,"f:66:4:66:17":3,"b:67:6:67:Infinity:undefined:undefined:undefined:undefined":4,"s:67:6:67:Infinity":28,"s:67:26:67:Infinity":29,"s:71:8:95:29":30,"f:71:28:71:41":4,"s:72:19:72:Infinity":31,"b:73:4:73:Infinity:undefined:undefined:undefined:undefined":5,"s:73:4:73:Infinity":32,"s:73:17:73:Infinity":33,"s:75:17:75:47":34,"s:76:10:76:Infinity":35,"s:77:10:77:Infinity":36,"s:80:4:84:Infinity":37,"b:81:6:84:Infinity:undefined:undefined:undefined:undefined":6,"s:81:6:84:Infinity":38,"b:81:10:81:31:81:31:81:Infinity:82:10:82:31:82:31:82:70":7,"s:83:8:83:Infinity":39,"s:84:8:84:Infinity":40,"s:88:4:92:Infinity":41,"b:89:6:92:Infinity:undefined:undefined:undefined:undefined":8,"s:89:6:92:Infinity":42,"b:89:10:89:27:89:27:89:Infinity:90:10:90:27:90:27:90:58":9,"s:91:8:91:Infinity":43,"s:92:8:92:Infinity":44,"s:97:8:112:35":45,"f:97:34:97:47":5,"s:98:19:98:Infinity":46,"b:99:4:99:Infinity:undefined:undefined:undefined:undefined":10,"s:99:4:99:Infinity":47,"s:99:17:99:Infinity":48,"s:101:17:101:47":49,"s:102:10:102:Infinity":50,"s:103:10:103:Infinity":51,"s:105:4:109:Infinity":52,"b:106:6:109:Infinity:undefined:undefined:undefined:undefined":11,"s:106:6:109:Infinity":53,"b:106:10:106:27:106:27:106:Infinity:107:10:107:27:107:27:107:58":12,"s:108:8:108:Infinity":54,"s:109:8:109:Infinity":55,"s:114:8:133:40":56,"f:114:32:114:45":6,"b:115:4:115:Infinity:undefined:undefined:undefined:undefined":13,"s:115:4:115:Infinity":57,"b:115:8:115:22:115:22:115:33":14,"s:115:33:115:Infinity":58,"s:117:19:117:Infinity":59,"b:118:4:118:Infinity:undefined:undefined:undefined:undefined":15,"s:118:4:118:Infinity":60,"s:118:17:118:Infinity":61,"s:120:17:120:47":62,"s:121:10:121:Infinity":63,"s:122:10:122:Infinity":64,"s:124:4:130:Infinity":65,"b:125:6:130:Infinity:undefined:undefined:undefined:undefined":16,"s:125:6:130:Infinity":66,"b:125:10:125:27:125:27:125:Infinity:126:10:126:27:126:27:126:58":17,"b:127:8:128:Infinity:undefined:undefined:undefined:undefined":18,"s:127:8:128:Infinity":67,"b:127:12:127:26:127:26:127:38":19,"s:128:10:128:Infinity":68,"s:130:8:130:Infinity":69,"s:135:2:182:Infinity":70,"b:152:7:152:20:152:20:152:Infinity:153:8:182:Infinity":20,"f:168:10:168:22":7,"b:169:12:171:Infinity:undefined:undefined:undefined:undefined":21,"s:169:12:171:Infinity":71,"s:170:14:170:Infinity":72,"s:171:15:171:Infinity":73,"f:174:10:174:19":8,"s:175:18:175:67":74,"b:175:26:175:57:175:57:175:61":22,"s:176:12:176:Infinity":75,"b:176:58:176:66:176:66:176:72":23,"f:186:9:186:19":9,"s:187:20:187:Infinity":76,"b:187:20:187:104:187:108:187:Infinity":24,"s:189:2:189:Infinity":77,"s:190:2:190:Infinity":78,"s:191:2:191:Infinity":79,"s:192:2:192:Infinity":80,"s:194:2:219:Infinity":81,"f:194:23:194:32":10,"s:195:4:218:Infinity":82,"f:195:18:195:27":11,"s:196:20:196:Infinity":83,"b:197:6:197:Infinity:undefined:undefined:undefined:undefined":25,"s:197:6:197:Infinity":84,"s:197:18:197:Infinity":85,"s:199:24:199:79":86,"s:201:17:201:Infinity":87,"s:202:17:202:Infinity":88,"s:204:17:204:Infinity":89,"s:205:17:205:Infinity":90,"s:207:19:207:Infinity":91,"s:208:19:208:Infinity":92,"s:209:19:209:Infinity":93,"s:210:19:210:Infinity":94,"s:212:6:212:Infinity":95,"s:213:6:213:Infinity":96,"s:214:6:214:Infinity":97,"s:215:6:215:Infinity":98,"s:217:6:217:Infinity":99,"f:222:9:222:Infinity":12,"s:230:16:230:48":100,"s:231:20:231:Infinity":101,"s:233:2:233:Infinity":102,"s:234:2:234:Infinity":103,"s:235:2:235:Infinity":104,"s:237:2:237:Infinity":105,"s:238:2:238:Infinity":106,"s:239:2:239:Infinity":107,"s:240:2:240:Infinity":108,"s:241:2:241:Infinity":109,"s:242:2:242:Infinity":110,"s:243:2:243:Infinity":111,"s:245:2:245:Infinity":112,"f:248:9:248:19":13,"s:249:2:249:Infinity":113,"f:252:9:252:18":14,"s:253:2:253:Infinity":114,"f:253:57:253:64":15,"s:253:69:253:82":115,"f:256:9:256:Infinity":16,"s:265:21:265:Infinity":116,"b:265:21:265:105:265:109:265:Infinity":26,"s:267:2:267:Infinity":117,"s:269:2:390:Infinity":118,"f:269:23:269:32":17,"b:270:4:270:Infinity:undefined:undefined:undefined:undefined":27,"s:270:4:270:Infinity":119,"s:270:31:270:Infinity":120,"s:272:22:272:Infinity":121,"s:273:23:273:52":122,"s:275:10:275:52":123,"s:276:21:276:Infinity":124,"s:277:23:277:Infinity":125,"s:278:22:284:Infinity":126,"b:279:8:279:Infinity:280:8:284:Infinity":28,"b:278:22:278:39:278:39:278:Infinity":29,"b:281:8:281:Infinity:282:8:284:Infinity":30,"b:283:8:283:Infinity:284:8:284:Infinity":31,"s:285:4:285:Infinity":127,"s:287:21:287:Infinity":128,"b:287:37:287:59:287:59:287:Infinity":32,"s:288:22:288:53":129,"s:289:18:289:37":130,"b:290:4:290:Infinity:undefined:undefined:undefined:undefined":33,"s:290:4:290:Infinity":131,"s:290:28:290:Infinity":132,"s:292:22:292:117":133,"f:292:40:292:44":18,"s:292:49:292:115":134,"s:293:20:293:Infinity":135,"s:295:23:295:Infinity":136,"b:295:46:295:64:295:67:295:Infinity":34,"s:296:18:296:83":137,"s:298:24:298:Infinity":138,"b:298:47:298:53:298:53:298:Infinity":35,"s:299:19:299:76":139,"s:301:4:301:Infinity":140,"b:304:4:317:Infinity:316:11:317:Infinity":36,"s:304:4:317:Infinity":141,"s:305:23:305:Infinity":142,"s:306:24:306:Infinity":143,"s:307:24:307:Infinity":144,"s:308:24:308:Infinity":145,"s:309:6:315:Infinity":146,"s:317:6:317:Infinity":147,"s:320:24:320:Infinity":148,"b:320:50:320:63:320:63:320:Infinity":37,"b:320:24:320:37:320:37:320:50":38,"s:321:24:321:Infinity":149,"b:321:50:321:54:321:54:321:Infinity":39,"b:321:24:321:37:321:37:321:50":40,"s:324:4:324:Infinity":150,"s:325:4:325:Infinity":151,"s:328:4:328:Infinity":152,"s:329:4:329:Infinity":153,"s:330:4:330:Infinity":154,"b:333:4:343:Infinity:undefined:undefined:undefined:undefined":41,"s:333:4:343:Infinity":155,"s:334:18:334:29":156,"s:335:6:335:Infinity":157,"s:336:22:336:52":158,"s:337:22:337:Infinity":159,"s:339:19:339:Infinity":160,"s:340:19:340:Infinity":161,"s:341:6:343:Infinity":162,"s:342:8:342:Infinity":163,"s:349:4:349:Infinity":164,"s:350:4:350:Infinity":165,"s:351:4:351:Infinity":166,"s:352:4:352:Infinity":167,"s:355:4:355:Infinity":168,"s:356:18:356:Infinity":169,"s:358:18:358:Infinity":170,"s:359:4:361:Infinity":171,"f:359:10:359:19":19,"s:360:6:360:Infinity":172,"b:364:4:388:Infinity:undefined:undefined:undefined:undefined":42,"s:364:4:388:Infinity":173,"s:365:23:365:Infinity":174,"s:366:24:366:Infinity":175,"s:367:20:367:Infinity":176,"s:368:20:368:Infinity":177,"s:369:22:369:Infinity":178,"s:371:6:371:Infinity":179,"s:372:6:372:Infinity":180,"s:373:16:373:40":181,"s:374:6:374:Infinity":182,"s:375:6:375:Infinity":183,"s:376:6:376:Infinity":184,"s:377:6:377:Infinity":185,"s:378:6:378:Infinity":186,"s:379:6:379:Infinity":187,"s:380:6:380:Infinity":188,"s:381:6:381:Infinity":189,"s:382:6:382:Infinity":190,"s:383:6:383:Infinity":191,"s:384:6:384:Infinity":192,"s:385:6:385:Infinity":193,"s:386:6:386:Infinity":194,"s:387:6:387:Infinity":195,"s:388:6:388:Infinity":196,"f:394:9:394:Infinity":20,"s:402:2:402:Infinity":197,"b:403:2:425:Infinity:405:13:425:Infinity":43,"s:403:2:425:Infinity":198,"s:404:4:404:Infinity":199,"b:405:13:425:Infinity:411:13:425:Infinity":44,"s:405:13:425:Infinity":200,"s:406:4:406:Infinity":201,"s:407:4:407:Infinity":202,"s:408:4:408:Infinity":203,"s:409:4:409:Infinity":204,"s:410:4:410:Infinity":205,"b:411:13:425:Infinity:423:9:425:Infinity":45,"s:411:13:425:Infinity":206,"s:412:14:412:48":207,"s:413:4:413:Infinity":208,"s:414:4:414:Infinity":209,"s:415:4:415:Infinity":210,"s:416:4:416:Infinity":211,"s:417:4:417:Infinity":212,"s:418:4:418:Infinity":213,"s:419:4:419:Infinity":214,"s:420:4:420:Infinity":215,"s:421:4:421:Infinity":216,"s:422:4:422:Infinity":217,"s:425:4:425:Infinity":218,"s:429:23:429:48":219,"f:430:9:430:26":21,"b:430:96:430:103":46,"b:430:112:430:127":47,"s:431:14:431:Infinity":220,"b:431:24:431:30:431:30:431:35":48,"b:431:44:431:50:431:50:431:55":49,"s:432:17:432:40":221,"b:433:2:433:Infinity:undefined:undefined:undefined:undefined":50,"s:433:2:433:Infinity":222,"s:433:28:433:Infinity":223,"s:435:16:435:Infinity":224,"s:436:2:436:Infinity":225,"s:437:2:437:Infinity":226}}}
,"/home/umbrel/.openclaw/workspace-tech-mvp/projects/mind-mapp/app/src/store/useMindMapStore.ts": {"path":"/home/umbrel/.openclaw/workspace-tech-mvp/projects/mind-mapp/app/src/store/useMindMapStore.ts","statementMap":{"0":{"start":{"line":103,"column":15},"end":{"line":103,"column":null}},"1":{"start":{"line":104,"column":20},"end":{"line":104,"column":null}},"2":{"start":{"line":107,"column":2},"end":{"line":109,"column":null}},"3":{"start":{"line":108,"column":46},"end":{"line":108,"column":194}},"4":{"start":{"line":113,"column":2},"end":{"line":117,"column":null}},"5":{"start":{"line":121,"column":15},"end":{"line":121,"column":71}},"6":{"start":{"line":122,"column":2},"end":{"line":127,"column":null}},"7":{"start":{"line":130,"column":21},"end":{"line":144,"column":null}},"8":{"start":{"line":147,"column":8},"end":{"line":147,"column":84}},"9":{"start":{"line":148,"column":2},"end":{"line":148,"column":null}},"10":{"start":{"line":148,"column":51},"end":{"line":148,"column":null}},"11":{"start":{"line":149,"column":2},"end":{"line":149,"column":null}},"12":{"start":{"line":152,"column":13},"end":{"line":1197,"column":3}},"13":{"start":{"line":152,"column":67},"end":{"line":1197,"column":3}},"14":{"start":{"line":155,"column":4},"end":{"line":184,"column":null}},"15":{"start":{"line":156,"column":22},"end":{"line":156,"column":null}},"16":{"start":{"line":157,"column":6},"end":{"line":157,"column":null}},"17":{"start":{"line":157,"column":45},"end":{"line":157,"column":null}},"18":{"start":{"line":160,"column":22},"end":{"line":160,"column":75}},"19":{"start":{"line":161,"column":24},"end":{"line":161,"column":73}},"20":{"start":{"line":164,"column":46},"end":{"line":164,"column":48}},"21":{"start":{"line":165,"column":6},"end":{"line":165,"column":null}},"22":{"start":{"line":165,"column":43},"end":{"line":165,"column":null}},"23":{"start":{"line":166,"column":6},"end":{"line":166,"column":null}},"24":{"start":{"line":166,"column":47},"end":{"line":166,"column":null}},"25":{"start":{"line":168,"column":31},"end":{"line":168,"column":null}},"26":{"start":{"line":169,"column":23},"end":{"line":171,"column":null}},"27":{"start":{"line":173,"column":6},"end":{"line":183,"column":null}},"28":{"start":{"line":185,"column":18},"end":{"line":185,"column":79}},"29":{"start":{"line":187,"column":4},"end":{"line":198,"column":null}},"30":{"start":{"line":188,"column":6},"end":{"line":188,"column":null}},"31":{"start":{"line":188,"column":28},"end":{"line":188,"column":null}},"32":{"start":{"line":189,"column":21},"end":{"line":189,"column":51}},"33":{"start":{"line":190,"column":26},"end":{"line":192,"column":36}},"34":{"start":{"line":191,"column":42},"end":{"line":191,"column":53}},"35":{"start":{"line":193,"column":6},"end":{"line":197,"column":null}},"36":{"start":{"line":199,"column":24},"end":{"line":199,"column":93}},"37":{"start":{"line":199,"column":38},"end":{"line":199,"column":91}},"38":{"start":{"line":201,"column":4},"end":{"line":209,"column":null}},"39":{"start":{"line":202,"column":21},"end":{"line":202,"column":45}},"40":{"start":{"line":203,"column":6},"end":{"line":203,"column":null}},"41":{"start":{"line":203,"column":26},"end":{"line":203,"column":null}},"42":{"start":{"line":204,"column":6},"end":{"line":208,"column":null}},"43":{"start":{"line":211,"column":4},"end":{"line":232,"column":null}},"44":{"start":{"line":212,"column":21},"end":{"line":212,"column":45}},"45":{"start":{"line":213,"column":6},"end":{"line":213,"column":null}},"46":{"start":{"line":213,"column":26},"end":{"line":213,"column":null}},"47":{"start":{"line":215,"column":22},"end":{"line":215,"column":80}},"48":{"start":{"line":215,"column":61},"end":{"line":215,"column":79}},"49":{"start":{"line":216,"column":23},"end":{"line":216,"column":60}},"50":{"start":{"line":216,"column":43},"end":{"line":216,"column":59}},"51":{"start":{"line":218,"column":6},"end":{"line":224,"column":null}},"52":{"start":{"line":219,"column":21},"end":{"line":219,"column":null}},"53":{"start":{"line":220,"column":8},"end":{"line":224,"column":null}},"54":{"start":{"line":227,"column":6},"end":{"line":231,"column":null}},"55":{"start":{"line":234,"column":4},"end":{"line":257,"column":null}},"56":{"start":{"line":235,"column":22},"end":{"line":235,"column":null}},"57":{"start":{"line":236,"column":6},"end":{"line":236,"column":null}},"58":{"start":{"line":236,"column":20},"end":{"line":236,"column":null}},"59":{"start":{"line":238,"column":6},"end":{"line":243,"column":null}},"60":{"start":{"line":239,"column":8},"end":{"line":243,"column":null}},"61":{"start":{"line":246,"column":21},"end":{"line":246,"column":null}},"62":{"start":{"line":247,"column":6},"end":{"line":247,"column":null}},"63":{"start":{"line":247,"column":19},"end":{"line":247,"column":null}},"64":{"start":{"line":249,"column":25},"end":{"line":249,"column":72}},"65":{"start":{"line":249,"column":54},"end":{"line":249,"column":72}},"66":{"start":{"line":250,"column":6},"end":{"line":250,"column":null}},"67":{"start":{"line":250,"column":30},"end":{"line":250,"column":null}},"68":{"start":{"line":252,"column":6},"end":{"line":256,"column":null}},"69":{"start":{"line":259,"column":4},"end":{"line":277,"column":null}},"70":{"start":{"line":260,"column":22},"end":{"line":260,"column":null}},"71":{"start":{"line":261,"column":6},"end":{"line":261,"column":null}},"72":{"start":{"line":261,"column":20},"end":{"line":261,"column":null}},"73":{"start":{"line":263,"column":23},"end":{"line":263,"column":71}},"74":{"start":{"line":263,"column":53},"end":{"line":263,"column":71}},"75":{"start":{"line":264,"column":6},"end":{"line":269,"column":null}},"76":{"start":{"line":265,"column":8},"end":{"line":269,"column":null}},"77":{"start":{"line":272,"column":6},"end":{"line":276,"column":null}},"78":{"start":{"line":279,"column":4},"end":{"line":307,"column":null}},"79":{"start":{"line":280,"column":22},"end":{"line":280,"column":null}},"80":{"start":{"line":281,"column":6},"end":{"line":281,"column":null}},"81":{"start":{"line":281,"column":20},"end":{"line":281,"column":null}},"82":{"start":{"line":283,"column":31},"end":{"line":283,"column":33}},"83":{"start":{"line":284,"column":20},"end":{"line":284,"column":32}},"84":{"start":{"line":285,"column":22},"end":{"line":285,"column":39}},"85":{"start":{"line":287,"column":6},"end":{"line":297,"column":null}},"86":{"start":{"line":288,"column":19},"end":{"line":288,"column":30}},"87":{"start":{"line":289,"column":21},"end":{"line":289,"column":null}},"88":{"start":{"line":290,"column":8},"end":{"line":290,"column":null}},"89":{"start":{"line":290,"column":38},"end":{"line":290,"column":null}},"90":{"start":{"line":291,"column":8},"end":{"line":291,"column":null}},"91":{"start":{"line":293,"column":30},"end":{"line":293,"column":77}},"92":{"start":{"line":293,"column":58},"end":{"line":293,"column":77}},"93":{"start":{"line":294,"column":8},"end":{"line":297,"column":null}},"94":{"start":{"line":295,"column":10},"end":{"line":295,"column":null}},"95":{"start":{"line":297,"column":10},"end":{"line":297,"column":null}},"96":{"start":{"line":301,"column":6},"end":{"line":301,"column":null}},"97":{"start":{"line":301,"column":26},"end":{"line":301,"column":null}},"98":{"start":{"line":302,"column":6},"end":{"line":306,"column":null}},"99":{"start":{"line":309,"column":4},"end":{"line":326,"column":null}},"100":{"start":{"line":310,"column":22},"end":{"line":310,"column":null}},"101":{"start":{"line":311,"column":6},"end":{"line":311,"column":null}},"102":{"start":{"line":311,"column":20},"end":{"line":311,"column":null}},"103":{"start":{"line":313,"column":20},"end":{"line":313,"column":32}},"104":{"start":{"line":314,"column":21},"end":{"line":314,"column":null}},"105":{"start":{"line":316,"column":6},"end":{"line":318,"column":null}},"106":{"start":{"line":317,"column":8},"end":{"line":317,"column":null}},"107":{"start":{"line":318,"column":8},"end":{"line":318,"column":null}},"108":{"start":{"line":321,"column":6},"end":{"line":325,"column":null}},"109":{"start":{"line":328,"column":4},"end":{"line":351,"column":null}},"110":{"start":{"line":329,"column":23},"end":{"line":329,"column":72}},"111":{"start":{"line":329,"column":54},"end":{"line":329,"column":72}},"112":{"start":{"line":330,"column":6},"end":{"line":330,"column":null}},"113":{"start":{"line":330,"column":28},"end":{"line":330,"column":null}},"114":{"start":{"line":332,"column":26},"end":{"line":332,"column":43}},"115":{"start":{"line":333,"column":12},"end":{"line":339,"column":null}},"116":{"start":{"line":334,"column":23},"end":{"line":334,"column":null}},"117":{"start":{"line":335,"column":8},"end":{"line":337,"column":null}},"118":{"start":{"line":336,"column":10},"end":{"line":336,"column":null}},"119":{"start":{"line":336,"column":41},"end":{"line":336,"column":null}},"120":{"start":{"line":337,"column":10},"end":{"line":337,"column":null}},"121":{"start":{"line":339,"column":8},"end":{"line":339,"column":null}},"122":{"start":{"line":342,"column":23},"end":{"line":342,"column":70}},"123":{"start":{"line":342,"column":45},"end":{"line":342,"column":69}},"124":{"start":{"line":343,"column":6},"end":{"line":343,"column":null}},"125":{"start":{"line":343,"column":28},"end":{"line":343,"column":null}},"126":{"start":{"line":345,"column":22},"end":{"line":345,"column":null}},"127":{"start":{"line":346,"column":6},"end":{"line":350,"column":null}},"128":{"start":{"line":353,"column":4},"end":{"line":383,"column":null}},"129":{"start":{"line":354,"column":22},"end":{"line":354,"column":null}},"130":{"start":{"line":355,"column":6},"end":{"line":355,"column":null}},"131":{"start":{"line":355,"column":20},"end":{"line":355,"column":null}},"132":{"start":{"line":357,"column":12},"end":{"line":371,"column":null}},"133":{"start":{"line":358,"column":20},"end":{"line":358,"column":null}},"134":{"start":{"line":359,"column":22},"end":{"line":359,"column":null}},"135":{"start":{"line":360,"column":21},"end":{"line":360,"column":42}},"136":{"start":{"line":362,"column":8},"end":{"line":368,"column":null}},"137":{"start":{"line":363,"column":10},"end":{"line":363,"column":null}},"138":{"start":{"line":363,"column":42},"end":{"line":363,"column":null}},"139":{"start":{"line":364,"column":10},"end":{"line":364,"column":null}},"140":{"start":{"line":365,"column":25},"end":{"line":365,"column":null}},"141":{"start":{"line":366,"column":10},"end":{"line":366,"column":null}},"142":{"start":{"line":366,"column":23},"end":{"line":366,"column":null}},"143":{"start":{"line":367,"column":10},"end":{"line":367,"column":null}},"144":{"start":{"line":368,"column":10},"end":{"line":368,"column":null}},"145":{"start":{"line":371,"column":8},"end":{"line":371,"column":null}},"146":{"start":{"line":374,"column":26},"end":{"line":374,"column":45}},"147":{"start":{"line":375,"column":26},"end":{"line":375,"column":92}},"148":{"start":{"line":375,"column":64},"end":{"line":375,"column":92}},"149":{"start":{"line":376,"column":6},"end":{"line":376,"column":null}},"150":{"start":{"line":376,"column":31},"end":{"line":376,"column":null}},"151":{"start":{"line":378,"column":6},"end":{"line":382,"column":null}},"152":{"start":{"line":385,"column":4},"end":{"line":394,"column":null}},"153":{"start":{"line":386,"column":22},"end":{"line":388,"column":null}},"154":{"start":{"line":389,"column":6},"end":{"line":393,"column":null}},"155":{"start":{"line":396,"column":4},"end":{"line":420,"column":null}},"156":{"start":{"line":397,"column":23},"end":{"line":397,"column":72}},"157":{"start":{"line":397,"column":54},"end":{"line":397,"column":72}},"158":{"start":{"line":398,"column":6},"end":{"line":398,"column":null}},"159":{"start":{"line":398,"column":28},"end":{"line":398,"column":null}},"160":{"start":{"line":400,"column":23},"end":{"line":400,"column":48}},"161":{"start":{"line":401,"column":6},"end":{"line":410,"column":null}},"162":{"start":{"line":402,"column":21},"end":{"line":402,"column":null}},"163":{"start":{"line":403,"column":8},"end":{"line":403,"column":null}},"164":{"start":{"line":403,"column":19},"end":{"line":403,"column":null}},"165":{"start":{"line":405,"column":8},"end":{"line":406,"column":null}},"166":{"start":{"line":406,"column":10},"end":{"line":406,"column":null}},"167":{"start":{"line":409,"column":8},"end":{"line":410,"column":null}},"168":{"start":{"line":410,"column":10},"end":{"line":410,"column":null}},"169":{"start":{"line":410,"column":36},"end":{"line":410,"column":null}},"170":{"start":{"line":414,"column":26},"end":{"line":414,"column":39}},"171":{"start":{"line":415,"column":6},"end":{"line":419,"column":null}},"172":{"start":{"line":422,"column":4},"end":{"line":445,"column":null}},"173":{"start":{"line":423,"column":22},"end":{"line":423,"column":null}},"174":{"start":{"line":424,"column":6},"end":{"line":424,"column":null}},"175":{"start":{"line":424,"column":20},"end":{"line":424,"column":null}},"176":{"start":{"line":426,"column":23},"end":{"line":426,"column":40}},"177":{"start":{"line":427,"column":20},"end":{"line":427,"column":32}},"178":{"start":{"line":429,"column":6},"end":{"line":434,"column":null}},"179":{"start":{"line":430,"column":19},"end":{"line":430,"column":30}},"180":{"start":{"line":431,"column":21},"end":{"line":431,"column":null}},"181":{"start":{"line":432,"column":8},"end":{"line":432,"column":null}},"182":{"start":{"line":432,"column":39},"end":{"line":432,"column":null}},"183":{"start":{"line":433,"column":8},"end":{"line":433,"column":null}},"184":{"start":{"line":434,"column":8},"end":{"line":434,"column":null}},"185":{"start":{"line":437,"column":26},"end":{"line":437,"column":39}},"186":{"start":{"line":438,"column":6},"end":{"line":438,"column":null}},"187":{"start":{"line":438,"column":31},"end":{"line":438,"column":null}},"188":{"start":{"line":440,"column":6},"end":{"line":444,"column":null}},"189":{"start":{"line":446,"column":22},"end":{"line":446,"column":76}},"190":{"start":{"line":448,"column":4},"end":{"line":461,"column":null}},"191":{"start":{"line":449,"column":19},"end":{"line":449,"column":null}},"192":{"start":{"line":450,"column":6},"end":{"line":450,"column":null}},"193":{"start":{"line":450,"column":17},"end":{"line":450,"column":null}},"194":{"start":{"line":451,"column":6},"end":{"line":451,"column":null}},"195":{"start":{"line":451,"column":40},"end":{"line":451,"column":null}},"196":{"start":{"line":452,"column":6},"end":{"line":455,"column":null}},"197":{"start":{"line":453,"column":8},"end":{"line":455,"column":null}},"198":{"start":{"line":457,"column":6},"end":{"line":460,"column":null}},"199":{"start":{"line":463,"column":4},"end":{"line":493,"column":null}},"200":{"start":{"line":464,"column":23},"end":{"line":464,"column":72}},"201":{"start":{"line":464,"column":54},"end":{"line":464,"column":72}},"202":{"start":{"line":465,"column":6},"end":{"line":465,"column":null}},"203":{"start":{"line":465,"column":31},"end":{"line":465,"column":null}},"204":{"start":{"line":467,"column":23},"end":{"line":467,"column":null}},"205":{"start":{"line":468,"column":21},"end":{"line":468,"column":null}},"206":{"start":{"line":469,"column":6},"end":{"line":469,"column":null}},"207":{"start":{"line":469,"column":19},"end":{"line":469,"column":null}},"208":{"start":{"line":471,"column":24},"end":{"line":471,"column":42}},"209":{"start":{"line":472,"column":20},"end":{"line":472,"column":null}},"210":{"start":{"line":474,"column":6},"end":{"line":484,"column":null}},"211":{"start":{"line":475,"column":21},"end":{"line":475,"column":null}},"212":{"start":{"line":476,"column":8},"end":{"line":476,"column":null}},"213":{"start":{"line":476,"column":19},"end":{"line":476,"column":null}},"214":{"start":{"line":478,"column":8},"end":{"line":480,"column":null}},"215":{"start":{"line":479,"column":10},"end":{"line":479,"column":null}},"216":{"start":{"line":480,"column":10},"end":{"line":480,"column":null}},"217":{"start":{"line":482,"column":8},"end":{"line":484,"column":null}},"218":{"start":{"line":483,"column":10},"end":{"line":483,"column":null}},"219":{"start":{"line":484,"column":10},"end":{"line":484,"column":null}},"220":{"start":{"line":488,"column":6},"end":{"line":488,"column":null}},"221":{"start":{"line":488,"column":20},"end":{"line":488,"column":null}},"222":{"start":{"line":489,"column":6},"end":{"line":492,"column":null}},"223":{"start":{"line":495,"column":4},"end":{"line":538,"column":null}},"224":{"start":{"line":496,"column":23},"end":{"line":496,"column":72}},"225":{"start":{"line":496,"column":54},"end":{"line":496,"column":72}},"226":{"start":{"line":497,"column":6},"end":{"line":497,"column":null}},"227":{"start":{"line":497,"column":31},"end":{"line":497,"column":null}},"228":{"start":{"line":499,"column":21},"end":{"line":503,"column":null}},"229":{"start":{"line":500,"column":19},"end":{"line":500,"column":null}},"230":{"start":{"line":501,"column":19},"end":{"line":501,"column":null}},"231":{"start":{"line":502,"column":8},"end":{"line":502,"column":null}},"232":{"start":{"line":505,"column":20},"end":{"line":505,"column":null}},"233":{"start":{"line":506,"column":19},"end":{"line":506,"column":null}},"234":{"start":{"line":507,"column":6},"end":{"line":507,"column":null}},"235":{"start":{"line":507,"column":27},"end":{"line":507,"column":null}},"236":{"start":{"line":509,"column":20},"end":{"line":509,"column":null}},"237":{"start":{"line":510,"column":18},"end":{"line":510,"column":null}},"238":{"start":{"line":511,"column":6},"end":{"line":511,"column":null}},"239":{"start":{"line":511,"column":25},"end":{"line":511,"column":null}},"240":{"start":{"line":513,"column":12},"end":{"line":513,"column":null}},"241":{"start":{"line":514,"column":24},"end":{"line":514,"column":42}},"242":{"start":{"line":515,"column":20},"end":{"line":515,"column":null}},"243":{"start":{"line":517,"column":6},"end":{"line":531,"column":null}},"244":{"start":{"line":518,"column":8},"end":{"line":518,"column":null}},"245":{"start":{"line":518,"column":52},"end":{"line":518,"column":null}},"246":{"start":{"line":519,"column":21},"end":{"line":519,"column":null}},"247":{"start":{"line":520,"column":8},"end":{"line":520,"column":null}},"248":{"start":{"line":520,"column":19},"end":{"line":520,"column":null}},"249":{"start":{"line":522,"column":23},"end":{"line":522,"column":null}},"250":{"start":{"line":523,"column":8},"end":{"line":525,"column":null}},"251":{"start":{"line":524,"column":10},"end":{"line":524,"column":null}},"252":{"start":{"line":525,"column":10},"end":{"line":525,"column":null}},"253":{"start":{"line":527,"column":8},"end":{"line":529,"column":null}},"254":{"start":{"line":528,"column":10},"end":{"line":528,"column":null}},"255":{"start":{"line":529,"column":10},"end":{"line":529,"column":null}},"256":{"start":{"line":533,"column":6},"end":{"line":533,"column":null}},"257":{"start":{"line":533,"column":20},"end":{"line":533,"column":null}},"258":{"start":{"line":534,"column":6},"end":{"line":537,"column":null}},"259":{"start":{"line":540,"column":4},"end":{"line":577,"column":null}},"260":{"start":{"line":541,"column":23},"end":{"line":541,"column":72}},"261":{"start":{"line":541,"column":54},"end":{"line":541,"column":72}},"262":{"start":{"line":542,"column":6},"end":{"line":542,"column":null}},"263":{"start":{"line":542,"column":31},"end":{"line":542,"column":null}},"264":{"start":{"line":544,"column":23},"end":{"line":544,"column":null}},"265":{"start":{"line":545,"column":21},"end":{"line":545,"column":null}},"266":{"start":{"line":546,"column":6},"end":{"line":546,"column":null}},"267":{"start":{"line":546,"column":19},"end":{"line":546,"column":null}},"268":{"start":{"line":548,"column":22},"end":{"line":554,"column":null}},"269":{"start":{"line":548,"column":58},"end":{"line":548,"column":74}},"270":{"start":{"line":549,"column":8},"end":{"line":549,"column":null}},"271":{"start":{"line":549,"column":28},"end":{"line":549,"column":null}},"272":{"start":{"line":550,"column":8},"end":{"line":550,"column":null}},"273":{"start":{"line":550,"column":28},"end":{"line":550,"column":null}},"274":{"start":{"line":551,"column":19},"end":{"line":551,"column":null}},"275":{"start":{"line":552,"column":19},"end":{"line":552,"column":null}},"276":{"start":{"line":553,"column":8},"end":{"line":553,"column":null}},"277":{"start":{"line":556,"column":24},"end":{"line":556,"column":42}},"278":{"start":{"line":557,"column":20},"end":{"line":557,"column":null}},"279":{"start":{"line":559,"column":6},"end":{"line":570,"column":null}},"280":{"start":{"line":560,"column":21},"end":{"line":560,"column":null}},"281":{"start":{"line":561,"column":8},"end":{"line":561,"column":null}},"282":{"start":{"line":561,"column":19},"end":{"line":561,"column":null}},"283":{"start":{"line":563,"column":24},"end":{"line":563,"column":null}},"284":{"start":{"line":564,"column":24},"end":{"line":564,"column":null}},"285":{"start":{"line":566,"column":8},"end":{"line":568,"column":null}},"286":{"start":{"line":567,"column":10},"end":{"line":567,"column":null}},"287":{"start":{"line":568,"column":10},"end":{"line":568,"column":null}},"288":{"start":{"line":572,"column":6},"end":{"line":572,"column":null}},"289":{"start":{"line":572,"column":20},"end":{"line":572,"column":null}},"290":{"start":{"line":573,"column":6},"end":{"line":576,"column":null}},"291":{"start":{"line":579,"column":4},"end":{"line":618,"column":null}},"292":{"start":{"line":580,"column":23},"end":{"line":580,"column":72}},"293":{"start":{"line":580,"column":54},"end":{"line":580,"column":72}},"294":{"start":{"line":581,"column":6},"end":{"line":581,"column":null}},"295":{"start":{"line":581,"column":31},"end":{"line":581,"column":null}},"296":{"start":{"line":583,"column":23},"end":{"line":583,"column":null}},"297":{"start":{"line":584,"column":21},"end":{"line":584,"column":null}},"298":{"start":{"line":585,"column":6},
[...]
0:49:Infinity":25,"s:50:2:50:Infinity":26,"s:50:22:50:Infinity":27,"s:51:20:51:87":28,"f:51:23:51:27":3,"s:51:33:51:87":29,"s:52:17:52:Infinity":30,"s:53:2:57:Infinity":31,"s:53:15:53:18":32,"s:54:27:54:Infinity":33,"s:55:22:55:Infinity":34,"b:56:4:56:Infinity:undefined:undefined:undefined:undefined":6,"s:56:4:56:Infinity":35,"s:56:23:56:Infinity":36,"s:57:4:57:Infinity":37,"s:59:23:59:Infinity":38,"s:60:22:60:Infinity":39,"b:61:2:61:Infinity:undefined:undefined:undefined:undefined":7,"s:61:2:61:Infinity":40,"s:61:25:61:Infinity":41,"s:62:22:62:59":42,"s:63:2:63:Infinity":43,"f:66:9:66:Infinity":4,"s:70:12:70:29":44,"s:71:2:71:Infinity":45,"s:72:2:72:Infinity":46,"b:72:18:72:48:72:48:72:50":8,"s:72:52:72:Infinity":47,"f:75:16:75:Infinity":5,"s:78:47:78:49":48,"s:79:2:79:Infinity":49,"s:79:50:79:Infinity":50,"b:80:2:80:Infinity:undefined:undefined:undefined:undefined":9,"s:80:2:80:Infinity":51,"s:80:25:80:Infinity":52,"s:81:29:81:38":53,"s:82:2:82:Infinity":54,"s:83:60:83:62":55,"s:84:2:84:Infinity":56,"s:85:2:85:Infinity":57,"s:93:22:93:Infinity":58,"s:94:19:94:Infinity":59,"f:96:9:96:Infinity":6,"s:99:45:99:47":60,"s:100:2:100:Infinity":61,"s:100:50:100:Infinity":62,"s:102:60:102:62":63,"b:103:2:103:Infinity:undefined:undefined:undefined:undefined":10,"s:103:2:103:Infinity":64,"s:103:25:103:Infinity":65,"s:107:43:107:45":66,"s:110:2:110:Infinity":67,"s:112:26:112:34":68,"s:113:2:130:Infinity":69,"s:114:21:114:34":70,"s:115:18:115:Infinity":71,"b:116:4:116:Infinity:undefined:undefined:undefined:undefined":11,"s:116:4:116:Infinity":72,"s:116:16:116:Infinity":73,"s:117:15:117:39":74,"b:117:15:117:37:117:37:117:39":12,"b:118:4:118:Infinity:undefined:undefined:undefined:undefined":13,"s:118:4:118:Infinity":75,"s:118:20:118:Infinity":76,"s:119:23:119:Infinity":77,"s:120:21:120:Infinity":78,"s:121:4:130:Infinity":79,"f:121:7:121:16":7,"s:122:25:122:Infinity":80,"s:123:23:123:Infinity":81,"s:124:20:124:Infinity":82,"s:125:6:128:Infinity":83,"s:129:6:129:Infinity":84,"s:133:2:138:Infinity":85,"s:134:10:134:Infinity":86,"s:135:4:138:Infinity":87,"s:140:2:140:Infinity":88,"s:148:25:148:Infinity":89,"s:149:25:149:Infinity":90,"s:150:25:150:Infinity":91,"s:151:25:151:Infinity":92,"s:152:24:152:Infinity":93,"s:153:25:153:Infinity":94,"s:154:25:154:Infinity":95,"f:158:9:158:Infinity":8,"s:161:14:161:32":96,"b:162:2:162:Infinity:undefined:undefined:undefined:undefined":14,"s:162:2:162:Infinity":97,"s:162:24:162:Infinity":98,"s:165:45:165:47":99,"s:166:2:166:Infinity":100,"s:166:50:166:Infinity":101,"s:167:36:167:38":102,"s:168:2:168:Infinity":103,"s:168:55:168:Infinity":104,"f:168:58:168:66":9,"s:168:71:168:94":105,"s:171:36:171:38":106,"s:172:13:172:Infinity":107,"s:173:8:175:Infinity":108,"f:173:8:173:20":10,"s:174:4:174:Infinity":109,"s:175:4:175:Infinity":110,"s:177:2:180:Infinity":111,"s:178:18:178:Infinity":112,"s:179:14:179:Infinity":113,"s:180:4:180:Infinity":114,"s:184:15:184:33":115,"s:185:13:185:Infinity":116,"f:185:18:185:26":11,"s:185:35:185:44":117,"s:186:13:186:Infinity":118,"f:186:18:186:26":12,"s:186:35:186:44":119,"s:187:2:187:Infinity":120,"s:187:26:187:37":121,"s:187:37:187:Infinity":122,"s:189:8:189:Infinity":123,"s:190:13:190:Infinity":124,"s:192:2:228:Infinity":125,"s:192:18:192:21":126,"s:194:4:205:Infinity":127,"s:195:15:195:18":128,"s:195:23:195:Infinity":129,"s:196:6:203:Infinity":130,"b:197:8:197:Infinity:undefined:undefined:undefined:undefined":15,"s:197:8:197:Infinity":131,"s:197:21:197:Infinity":132,"s:198:19:198:Infinity":133,"s:199:19:199:Infinity":134,"s:200:21:200:Infinity":135,"s:201:18:201:Infinity":136,"s:202:8:202:Infinity":137,"s:203:8:203:Infinity":138,"s:205:6:205:23":139,"s:205:23:205:Infinity":140,"s:208:4:215:Infinity":141,"s:209:17:209:Infinity":142,"s:210:17:210:Infinity":143,"s:211:19:211:Infinity":144,"s:212:16:212:Infinity":145,"s:213:18:213:34":146,"s:213:40:213:Infinity":147,"s:214:6:214:23":148,"s:214:23:214:Infinity":149,"s:215:6:215:23":150,"s:215:23:215:Infinity":151,"s:218:4:219:Infinity":152,"s:219:6:219:27":153,"s:219:27:219:Infinity":154,"s:222:4:226:Infinity":155,"s:223:20:223:56":156,"b:224:6:224:Infinity:undefined:undefined:undefined:undefined":16,"s:224:6:224:Infinity":157,"s:224:26:224:56":158,"s:224:56:224:Infinity":159,"s:225:6:225:19":160,"s:225:19:225:Infinity":161,"s:226:6:226:23":162,"s:226:23:226:Infinity":163,"s:228:4:228:Infinity":164,"s:231:2:231:Infinity":165,"f:231:48:231:53":13,"s:231:65:231:89":166,"f:238:9:238:19":14,"s:239:15:239:39":167,"b:240:2:240:Infinity:undefined:undefined:undefined:undefined":17,"s:240:2:240:Infinity":168,"s:240:20:240:Infinity":169,"s:241:13:241:31":170,"f:241:18:241:22":15,"s:241:27:241:31":171,"s:241:38:241:56":172,"f:241:43:241:47":16,"s:241:52:241:56":173,"s:242:15:242:30":174,"s:242:39:242:54":175,"s:243:15:243:30":176,"s:243:39:243:54":177,"s:244:8:244:32":178,"s:244:32:244:Infinity":179,"s:245:56:245:58":180,"s:246:2:247:Infinity":181,"s:247:4:247:Infinity":182,"s:249:2:249:Infinity":183,"f:255:16:255:Infinity":17,"s:258:14:262:40":184,"b:259:6:259:39:260:6:262:40":18,"b:261:8:261:42:262:8:262:40":19,"s:263:2:263:Infinity":185}}}
,"/home/umbrel/.openclaw/workspace-tech-mvp/projects/mind-mapp/app/src/utils/uiPrefs.ts": {"path":"/home/umbrel/.openclaw/workspace-tech-mvp/projects/mind-mapp/app/src/utils/uiPrefs.ts","statementMap":{"0":{"start":{"line":1,"column":21},"end":{"line":1,"column":null}},"1":{"start":{"line":11,"column":2},"end":{"line":17,"column":null}},"2":{"start":{"line":12,"column":16},"end":{"line":12,"column":50}},"3":{"start":{"line":13,"column":4},"end":{"line":13,"column":null}},"4":{"start":{"line":13,"column":14},"end":{"line":13,"column":null}},"5":{"start":{"line":14,"column":19},"end":{"line":14,"column":34}},"6":{"start":{"line":15,"column":4},"end":{"line":15,"column":null}},"7":{"start":{"line":17,"column":4},"end":{"line":17,"column":null}},"8":{"start":{"line":22,"column":2},"end":{"line":24,"column":null}},"9":{"start":{"line":23,"column":4},"end":{"line":23,"column":null}},"10":{"start":{"line":37,"column":27},"end":{"line":37,"column":null}},"11":{"start":{"line":41,"column":63},"end":{"line":46,"column":null}},"12":{"start":{"line":49,"column":2},"end":{"line":55,"column":null}},"13":{"start":{"line":50,"column":16},"end":{"line":50,"column":56}},"14":{"start":{"line":51,"column":4},"end":{"line":51,"column":null}},"15":{"start":{"line":51,"column":14},"end":{"line":51,"column":null}},"16":{"start":{"line":52,"column":19},"end":{"line":52,"column":34}},"17":{"start":{"line":53,"column":4},"end":{"line":53,"column":null}},"18":{"start":{"line":55,"column":4},"end":{"line":55,"column":null}},"19":{"start":{"line":60,"column":2},"end":{"line":62,"column":null}},"20":{"start":{"line":61,"column":4},"end":{"line":61,"column":null}},"21":{"start":{"line":68,"column":16},"end":{"line":68,"column":35}},"22":{"start":{"line":69,"column":2},"end":{"line":69,"column":null}},"23":{"start":{"line":69,"column":32},"end":{"line":69,"column":null}},"24":{"start":{"line":70,"column":2},"end":{"line":70,"column":null}}},"fnMap":{"0":{"name":"loadUiPrefs","decl":{"start":{"line":10,"column":16},"end":{"line":10,"column":55}},"loc":{"start":{"line":10,"column":55},"end":{"line":17,"column":null}},"line":10},"1":{"name":"saveUiPrefs","decl":{"start":{"line":21,"column":16},"end":{"line":21,"column":28}},"loc":{"start":{"line":21,"column":44},"end":{"line":24,"column":null}},"line":21},"2":{"name":"loadKeyboardPrefs","decl":{"start":{"line":48,"column":16},"end":{"line":48,"column":51}},"loc":{"start":{"line":48,"column":51},"end":{"line":55,"column":null}},"line":48},"3":{"name":"saveKeyboardPrefs","decl":{"start":{"line":59,"column":16},"end":{"line":59,"column":34}},"loc":{"start":{"line":59,"column":56},"end":{"line":62,"column":null}},"line":59},"4":{"name":"getKeyboardPref","decl":{"start":{"line":67,"column":16},"end":{"line":67,"column":32}},"loc":{"start":{"line":67,"column":58},"end":{"line":70,"column":null}},"line":67}},"branchMap":{"0":{"loc":{"start":{"line":13,"column":4},"end":{"line":13,"column":null}},"type":"if","locations":[{"start":{"line":13,"column":4},"end":{"line":13,"column":null}},{"start":{},"end":{}}],"line":13},"1":{"loc":{"start":{"line":15,"column":11},"end":{"line":15,"column":null}},"type":"cond-expr","locations":[{"start":{"line":15,"column":50},"end":{"line":15,"column":59}},{"start":{"line":15,"column":59},"end":{"line":15,"column":null}}],"line":15},"2":{"loc":{"start":{"line":15,"column":11},"end":{"line":15,"column":50}},"type":"binary-expr","locations":[{"start":{"line":15,"column":11},"end":{"line":15,"column":21}},{"start":{"line":15,"column":21},"end":{"line":15,"column":50}}],"line":15},"3":{"loc":{"start":{"line":51,"column":4},"end":{"line":51,"column":null}},"type":"if","locations":[{"start":{"line":51,"column":4},"end":{"line":51,"column":null}},{"start":{},"end":{}}],"line":51},"4":{"loc":{"start":{"line":53,"column":11},"end":{"line":53,"column":61}},"type":"cond-expr","locations":[{"start":{"line":53,"column":50},"end":{"line":53,"column":59}},{"start":{"line":53,"column":59},"end":{"line":53,"column":61}}],"line":53},"5":{"loc":{"start":{"line":53,"column":11},"end":{"line":53,"column":50}},"type":"binary-expr","locations":[{"start":{"line":53,"column":11},"end":{"line":53,"column":21}},{"start":{"line":53,"column":21},"end":{"line":53,"column":50}}],"line":53},"6":{"loc":{"start":{"line":69,"column":2},"end":{"line":69,"column":null}},"type":"if","locations":[{"start":{"line":69,"column":2},"end":{"line":69,"column":null}},{"start":{},"end":{}}],"line":69}},"s":{"0":5,"1":0,"2":0,"3":0,"4":0,"5":0,"6":0,"7":0,"8":0,"9":0,"10":5,"11":5,"12":13,"13":13,"14":13,"15":5,"16":8,"17":8,"18":1,"19":8,"20":8,"21":7,"22":7,"23":1,"24":6},"f":{"0":0,"1":0,"2":13,"3":8,"4":7},"b":{"0":[0,0],"1":[0,0],"2":[0,0],"3":[5,8],"4":[7,0],"5":[8,7],"6":[1,6]},"meta":{"lastBranch":7,"lastFunction":5,"lastStatement":25,"seen":{"s:1:21:1:Infinity":0,"f:10:16:10:55":0,"s:11:2:17:Infinity":1,"s:12:16:12:50":2,"b:13:4:13:Infinity:undefined:undefined:undefined:undefined":0,"s:13:4:13:Infinity":3,"s:13:14:13:Infinity":4,"s:14:19:14:34":5,"s:15:4:15:Infinity":6,"b:15:50:15:59:15:59:15:Infinity":1,"b:15:11:15:21:15:21:15:50":2,"s:17:4:17:Infinity":7,"f:21:16:21:28":1,"s:22:2:24:Infinity":8,"s:23:4:23:Infinity":9,"s:37:27:37:Infinity":10,"s:41:63:46:Infinity":11,"f:48:16:48:51":2,"s:49:2:55:Infinity":12,"s:50:16:50:56":13,"b:51:4:51:Infinity:undefined:undefined:undefined:undefined":3,"s:51:4:51:Infinity":14,"s:51:14:51:Infinity":15,"s:52:19:52:34":16,"s:53:4:53:Infinity":17,"b:53:50:53:59:53:59:53:61":4,"b:53:11:53:21:53:21:53:50":5,"s:55:4:55:Infinity":18,"f:59:16:59:34":3,"s:60:2:62:Infinity":19,"s:61:4:61:Infinity":20,"f:67:16:67:32":4,"s:68:16:68:35":21,"b:69:2:69:Infinity:undefined:undefined:undefined:undefined":6,"s:69:2:69:Infinity":22,"s:69:32:69:Infinity":23,"s:70:2:70:Infinity":24}}}
,"/home/umbrel/.openclaw/workspace-tech-mvp/projects/mind-mapp/app/src/utils/version.ts": {"path":"/home/umbrel/.openclaw/workspace-tech-mvp/projects/mind-mapp/app/src/utils/version.ts","statementMap":{"0":{"start":{"line":5,"column":27},"end":{"line":5,"column":null}}},"fnMap":{},"branchMap":{},"s":{"0":4},"f":{},"b":{},"meta":{"lastBranch":0,"lastFunction":0,"lastStatement":1,"seen":{"s:5:27:5:Infinity":0}}}
,"/home/umbrel/.openclaw/workspace-tech-mvp/projects/mind-mapp/app/src/utils/viewMath.ts": {"path":"/home/umbrel/.openclaw/workspace-tech-mvp/projects/mind-mapp/app/src/utils/viewMath.ts","statementMap":{"0":{"start":{"line":6,"column":2},"end":{"line":9,"column":null}}},"fnMap":{"0":{"name":"centerPointInView","decl":{"start":{"line":5,"column":16},"end":{"line":5,"column":34}},"loc":{"start":{"line":5,"column":83},"end":{"line":9,"column":null}},"line":5}},"branchMap":{},"s":{"0":2},"f":{"0":2},"b":{},"meta":{"lastBranch":0,"lastFunction":1,"lastStatement":1,"seen":{"f:5:16:5:34":0,"s:6:2:9:Infinity":0}}}
,"/home/umbrel/.openclaw/workspace-tech-mvp/projects/mind-mapp/app/src/utils/virtualization.ts": {"path":"/home/umbrel/.openclaw/workspace-tech-mvp/projects/mind-mapp/app/src/utils/virtualization.ts","statementMap":{"0":{"start":{"line":30,"column":33},"end":{"line":30,"column":35}},"1":{"start":{"line":31,"column":69},"end":{"line":31,"column":71}},"2":{"start":{"line":34,"column":19},"end":{"line":34,"column":null}},"3":{"start":{"line":35,"column":18},"end":{"line":35,"column":null}},"4":{"start":{"line":36,"column":20},"end":{"line":36,"column":null}},"5":{"start":{"line":37,"column":21},"end":{"line":37,"column":null}},"6":{"start":{"line":40,"column":17},"end":{"line":40,"column":null}},"7":{"start":{"line":41,"column":15},"end":{"line":41,"column":null}},"8":{"start":{"line":42,"column":15},"end":{"line":42,"column":null}},"9":{"start":{"line":43,"column":15},"end":{"line":43,"column":null}},"10":{"start":{"line":44,"column":15},"end":{"line":44,"column":null}},"11":{"start":{"line":47,"column":20},"end":{"line":47,"column":null}},"12":{"start":{"line":48,"column":21},"end":{"line":48,"column":null}},"13":{"start":{"line":51,"column":2},"end":{"line":64,"column":null}},"14":{"start":{"line":52,"column":22},"end":{"line":52,"column":null}},"15":{"start":{"line":53,"column":23},"end":{"line":53,"column":null}},"16":{"start":{"line":56,"column":4},"end":{"line":62,"column":null}},"17":{"start":{"line":62,"column":6},"end":{"line":62,"column":null}},"18":{"start":{"line":68,"column":21},"end":{"line":68,"column":42}},"19":{"start":{"line":69,"column":2},"end":{"line":83,"column":null}},"20":{"start":{"line":70,"column":4},"end":{"line":82,"column":null}},"21":{"start":{"line":71,"column":20},"end":{"line":71,"column":null}},"22":{"start":{"line":72,"column":6},"end":{"line":72,"column":null}},"23":{"start":{"line":72,"column":18},"end":{"line":72,"column":null}},"24":{"start":{"line":76,"column":28},"end":{"line":76,"column":51}},"25":{"start":{"line":77,"column":27},"end":{"line":77,"column":50}},"26":{"start":{"line":79,"column":6},"end":{"line":80,"column":null}},"27":{"start":{"line":80,"column":8},"end":{"line":80,"column":null}},"28":{"start":{"line":85,"column":2},"end":{"line":85,"column":null}},"29":{"start":{"line":97,"column":2},"end":{"line":98,"column":null}},"30":{"start":{"line":98,"column":4},"end":{"line":98,"column":null}},"31":{"start":{"line":101,"column":20},"end":{"line":101,"column":null}},"32":{"start":{"line":102,"column":21},"end":{"line":102,"column":null}},"33":{"start":{"line":104,"column":13},"end":{"line":104,"column":null}},"34":{"start":{"line":105,"column":13},"end":{"line":105,"column":null}},"35":{"start":{"line":106,"column":13},"end":{"line":106,"column":null}},"36":{"start":{"line":107,"column":13},"end":{"line":107,"column":null}},"37":{"start":{"line":109,"column":2},"end":{"line":114,"column":null}},"38":{"start":{"line":110,"column":4},"end":{"line":110,"column":null}},"39":{"start":{"line":111,"column":4},"end":{"line":111,"column":null}},"40":{"start":{"line":112,"column":4},"end":{"line":112,"column":null}},"41":{"start":{"line":113,"column":4},"end":{"line":113,"column":null}},"42":{"start":{"line":116,"column":2},"end":{"line":116,"column":null}}},"fnMap":{"0":{"name":"getVisibleNodes","decl":{"start":{"line":25,"column":16},"end":{"line":25,"column":null}},"loc":{"start":{"line":29,"column":20},"end":{"line":85,"column":null}},"line":29},"1":{"name":"(anonymous_1)","decl":{"start":{"line":51,"column":23},"end":{"line":51,"column":32}},"loc":{"start":{"line":51,"column":41},"end":{"line":64,"column":null}},"line":51},"2":{"name":"(anonymous_2)","decl":{"start":{"line":69,"column":23},"end":{"line":69,"column":32}},"loc":{"start":{"line":69,"column":41},"end":{"line":83,"column":null}},"line":69},"3":{"name":"(anonymous_3)","decl":{"start":{"line":70,"column":18},"end":{"line":70,"column":27}},"loc":{"start":{"line":70,"column":39},"end":{"line":82,"column":null}},"line":70},"4":{"name":"getNodeBounds","decl":{"start":{"line":91,"column":16},"end":{"line":91,"column":30}},"loc":{"start":{"line":96,"column":2},"end":{"line":116,"column":null}},"line":96},"5":{"name":"(anonymous_5)","decl":{"start":{"line":109,"column":23},"end":{"line":109,"column":32}},"loc":{"start":{"line":109,"column":41},"end":{"line":114,"column":null}},"line":109}},"branchMap":{"0":{"loc":{"start":{"line":28,"column":2},"end":{"line":28,"column":null}},"type":"default-arg","locations":[{"start":{"line":28,"column":17},"end":{"line":28,"column":null}}],"line":28},"1":{"loc":{"start":{"line":56,"column":4},"end":{"line":62,"column":null}},"type":"if","locations":[{"start":{"line":56,"column":4},"end":{"line":62,"column":null}},{"start":{},"end":{}}],"line":56},"2":{"loc":{"start":{"line":57,"column":6},"end":{"line":60,"column":null}},"type":"binary-expr","locations":[{"start":{"line":57,"column":6},"end":{"line":57,"column":null}},{"start":{"line":58,"column":6},"end":{"line":58,"column":null}},{"start":{"line":59,"column":6},"end":{"line":59,"column":null}},{"start":{"line":60,"column":6},"end":{"line":60,"column":null}}],"line":57},"3":{"loc":{"start":{"line":72,"column":6},"end":{"line":72,"column":null}},"type":"if","locations":[{"start":{"line":72,"column":6},"end":{"line":72,"column":null}},{"start":{},"end":{}}],"line":72},"4":{"loc":{"start":{"line":79,"column":6},"end":{"line":80,"column":null}},"type":"if","locations":[{"start":{"line":79,"column":6},"end":{"line":80,"column":null}},{"start":{},"end":{}}],"line":79},"5":{"loc":{"start":{"line":79,"column":10},"end":{"line":79,"column":41}},"type":"binary-expr","locations":[{"start":{"line":79,"column":10},"end":{"line":79,"column":27}},{"start":{"line":79,"column":27},"end":{"line":79,"column":41}}],"line":79},"6":{"loc":{"start":{"line":97,"column":2},"end":{"line":98,"column":null}},"type":"if","locations":[{"start":{"line":97,"column":2},"end":{"line":98,"column":null}},{"start":{},"end":{}}],"line":97}},"s":{"0":7,"1":7,"2":7,"3":7,"4":7,"5":7,"6":7,"7":7,"8":7,"9":7,"10":7,"11":7,"12":7,"13":7,"14":15,"15":15,"16":15,"17":11,"18":7,"19":7,"20":15,"21":3,"22":3,"23":0,"24":3,"25":3,"26":3,"27":3,"28":7,"29":2,"30":1,"31":1,"32":1,"33":1,"34":1,"35":1,"36":1,"37":1,"38":3,"39":3,"40":3,"41":3,"42":1},"f":{"0":7,"1":15,"2":15,"3":3,"4":2,"5":3},"b":{"0":[7],"1":[11,4],"2":[15,11,11,11],"3":[0,3],"4":[3,0],"5":[3,0],"6":[1,1]},"meta":{"lastBranch":7,"lastFunction":6,"lastStatement":43,"seen":{"f:25:16:25:Infinity":0,"b:28:17:28:Infinity":0,"s:30:33:30:35":0,"s:31:69:31:71":1,"s:34:19:34:Infinity":2,"s:35:18:35:Infinity":3,"s:36:20:36:Infinity":4,"s:37:21:37:Infinity":5,"s:40:17:40:Infinity":6,"s:41:15:41:Infinity":7,"s:42:15:42:Infinity":8,"s:43:15:43:Infinity":9,"s:44:15:44:Infinity":10,"s:47:20:47:Infinity":11,"s:48:21:48:Infinity":12,"s:51:2:64:Infinity":13,"f:51:23:51:32":1,"s:52:22:52:Infinity":14,"s:53:23:53:Infinity":15,"b:56:4:62:Infinity:undefined:undefined:undefined:undefined":1,"s:56:4:62:Infinity":16,"b:57:6:57:Infinity:58:6:58:Infinity:59:6:59:Infinity:60:6:60:Infinity":2,"s:62:6:62:Infinity":17,"s:68:21:68:42":18,"s:69:2:83:Infinity":19,"f:69:23:69:32":2,"s:70:4:82:Infinity":20,"f:70:18:70:27":3,"s:71:20:71:Infinity":21,"b:72:6:72:Infinity:undefined:undefined:undefined:undefined":3,"s:72:6:72:Infinity":22,"s:72:18:72:Infinity":23,"s:76:28:76:51":24,"s:77:27:77:50":25,"b:79:6:80:Infinity:undefined:undefined:undefined:undefined":4,"s:79:6:80:Infinity":26,"b:79:10:79:27:79:27:79:41":5,"s:80:8:80:Infinity":27,"s:85:2:85:Infinity":28,"f:91:16:91:30":4,"b:97:2:98:Infinity:undefined:undefined:undefined:undefined":6,"s:97:2:98:Infinity":29,"s:98:4:98:Infinity":30,"s:101:20:101:Infinity":31,"s:102:21:102:Infinity":32,"s:104:13:104:Infinity":33,"s:105:13:105:Infinity":34,"s:106:13:106:Infinity":35,"s:107:13:107:Infinity":36,"s:109:2:114:Infinity":37,"f:109:23:109:32":5,"s:110:4:110:Infinity":38,"s:111:4:111:Infinity":39,"s:112:4:112:Infinity":40,"s:113:4:113:Infinity":41,"s:116:2:116:Infinity":42}}}
}
